[0146.12] Log: Log file open, 06/06/16 00:22:43
[0146.12] Log: [TRICKNAME] 85.811089 : Show trick name
[0148.10] Log: [TRICKNAME] 87.805344 : Hide trick name
[0201.90] Log: [TRICKNAME] 141.606491 : Show trick name
[0203.89] Log: [TRICKNAME] 143.597824 : Hide trick name
[0221.95] Log: [TRICKNAME] 161.648575 : Show trick name
[0223.94] Log: [TRICKNAME] 163.647324 : Hide trick name
[0225.45] Log: [TRICKNAME] 165.150833 : Show trick name
[0227.44] Log: [TRICKNAME] 167.145401 : Hide trick name
[0228.47] Log: [TRICKNAME] 168.175018 : Show trick name
[0229.47] Log: [TRICKNAME] 169.169083 : Show trick name
[0230.47] Log: [TRICKNAME] 170.168839 : Show trick name
[0232.47] Log: [TRICKNAME] 172.169022 : Hide trick name
[0259.90] Log: [TRICKNAME] 199.599716 : Show trick name
[0261.89] Log: [TRICKNAME] 201.594421 : Hide trick name
[0276.34] Log: [TRICKNAME] 216.040482 : Show trick name
[0278.34] Log: [TRICKNAME] 218.037521 : Hide trick name
[0298.73] Log: [TRICKNAME] 238.430847 : Show trick name
[0300.73] Log: [TRICKNAME] 240.429810 : Hide trick name
[0322.60] Log: [TRICKNAME] 262.292297 : Show trick name
[0324.59] Log: [TRICKNAME] 264.284943 : Hide trick name
[0325.61] Log: [TRICKNAME] 265.300140 : Show trick name
[0326.60] Log: [TRICKNAME] 266.292236 : Show trick name
[0327.60] Log: [TRICKNAME] 267.298492 : Show trick name
[0328.60] Log: [TRICKNAME] 268.298370 : Show trick name
[0330.60] Log: [TRICKNAME] 270.298218 : Hide trick name
[0638.52] Log: [TRICKNAME] 286.750549 : Show trick name
[0639.51] Log: [TRICKNAME] 287.742645 : Show trick name
[0641.51] Log: [TRICKNAME] 289.742279 : Hide trick name
[0648.40] Log: [TRICKNAME] 296.633881 : Show trick name
[0649.39] Log: [TRICKNAME] 297.626007 : Show trick name
[0651.40] Log: [TRICKNAME] 299.628204 : Hide trick name
[0652.96] Log: [TRICKNAME] 301.193481 : Show trick name
[0653.96] Log: [TRICKNAME] 302.185730 : Show trick name
[0655.96] Log: [TRICKNAME] 304.186981 : Hide trick name
[0665.67] Log: [TRICKNAME] 313.900238 : Show trick name
[0667.45] Log: [TRICKNAME] 315.674316 : Show trick name
[0670.25] Log: [TRICKNAME] 318.473846 : Hide trick name
[0703.72] Log: [TRICKNAME] 351.942993 : Show trick name
[0704.71] Log: [TRICKNAME] 352.937012 : Show trick name
[0706.71] Log: [TRICKNAME] 354.936737 : Hide trick name
[0712.93] Log: [TRICKNAME] 361.154694 : Show trick name
[0713.93] Log: [TRICKNAME] 362.146790 : Show trick name
[0715.80] Log: [TRICKNAME] 364.023254 : Show trick name
[0716.81] Log: [TRICKNAME] 365.028961 : Show trick name
[0718.82] Log: [TRICKNAME] 367.035675 : Hide trick name
[0775.85] Log: [TRICKNAME] 424.056122 : Show trick name
[0776.84] Log: [TRICKNAME] 425.048309 : Show trick name
[0778.84] Log: [TRICKNAME] 427.048981 : Hide trick name
[0815.03] Log: [TRICKNAME] 463.230621 : Show trick name
[0816.03] Log: [TRICKNAME] 464.228271 : Show trick name
[0817.03] Log: [TRICKNAME] 465.228943 : Show trick name
[0818.03] Log: [TRICKNAME] 466.228699 : Show trick name
[0820.03] Log: [TRICKNAME] 468.229706 : Hide trick name
[0845.71] Log: [TRICKNAME] 493.898804 : Show trick name
[0846.70] Log: [TRICKNAME] 494.890930 : Show trick name
[0848.70] Log: [TRICKNAME] 496.890564 : Hide trick name
[0929.84] Log: [TRICKNAME] 578.009644 : Show trick name
[0930.84] Log: [TRICKNAME] 579.004150 : Show trick name
[0932.84] Log: [TRICKNAME] 581.005493 : Hide trick name
[0943.54] Log: [TRICKNAME] 591.708435 : Show trick name
[0944.53] Log: [TRICKNAME] 592.700562 : Show trick name
[0946.54] Log: [TRICKNAME] 594.701782 : Hide trick name
[0953.86] Log: [TRICKNAME] 602.029846 : Show trick name
[0954.86] Log: [TRICKNAME] 603.026672 : Show trick name
[0956.86] Log: [TRICKNAME] 605.028015 : Hide trick name
[0960.15] Log: [TRICKNAME] 608.319763 : Show trick name
[0961.15] Log: [TRICKNAME] 609.311829 : Show trick name
[0962.15] Log: [TRICKNAME] 610.311890 : Show trick name
[0963.15] Log: [TRICKNAME] 611.315796 : Show trick name
[0965.15] Log: [TRICKNAME] 613.318481 : Hide trick name
[1068.78] Log: [TRICKNAME] 716.928711 : Show trick name
[1069.78] Log: [TRICKNAME] 717.926331 : Show trick name
[1071.79] Log: [TRICKNAME] 719.931824 : Hide trick name
[1139.62] Log: [TRICKNAME] 787.760620 : Show trick name
[1140.62] Log: [TRICKNAME] 788.762329 : Show trick name
[1142.62] Log: [TRICKNAME] 790.763245 : Hide trick name
[1158.32] Log: [TRICKNAME] 806.469299 : Show trick name
[1159.32] Log: [TRICKNAME] 807.463013 : Show trick name
[1161.32] Log: [TRICKNAME] 809.468506 : Hide trick name
[1193.65] Log: [TRICKNAME] 841.782654 : Show trick name
[1194.64] Log: [TRICKNAME] 842.774719 : Show trick name
[1196.64] Log: [TRICKNAME] 844.774414 : Hide trick name
[1222.62] Log: [TRICKNAME] 870.748657 : Show trick name
[1223.61] Log: [TRICKNAME] 871.745300 : Show trick name
[1225.62] Log: [TRICKNAME] 873.747803 : Hide trick name
[1227.80] Log: [TRICKNAME] 875.931946 : Show trick name
[1228.79] Log: [TRICKNAME] 876.924133 : Show trick name
[1230.80] Log: [TRICKNAME] 878.924072 : Hide trick name
[1253.02] Log: [TRICKNAME] 901.141846 : Show trick name
[1254.01] Log: [TRICKNAME] 902.135620 : Show trick name
[1256.02] Log: [TRICKNAME] 904.143311 : Hide trick name
[1261.41] Log: [TRICKNAME] 909.536621 : Show trick name
[1262.41] Log: [TRICKNAME] 910.528748 : Show trick name
[1264.41] Log: [TRICKNAME] 912.528442 : Hide trick name
[1265.16] Log: [TRICKNAME] 913.282104 : Show trick name
[1266.15] Log: [TRICKNAME] 914.274231 : Show trick name
[1268.15] Log: [TRICKNAME] 916.273865 : Hide trick name
[1286.96] Log: [TRICKNAME] 935.077332 : Show trick name
[1288.59] Log: [TRICKNAME] 936.703735 : Show trick name
[1290.59] Log: [TRICKNAME] 938.710083 : Hide trick name
[1292.54] Log: [TRICKNAME] 940.658081 : Show trick name
[1293.54] Log: [TRICKNAME] 941.652893 : Show trick name
[1295.55] Log: [TRICKNAME] 943.660339 : Hide trick name
[1388.33] Log: [TRICKNAME] 1036.436401 : Show trick name
[1389.32] Log: [TRICKNAME] 1037.428589 : Show trick name
[1391.33] Log: [TRICKNAME] 1039.430542 : Hide trick name
[1396.49] Log: [TRICKNAME] 1044.593872 : Show trick name
[1397.48] Log: [TRICKNAME] 1045.585938 : Show trick name
[1399.12] Log: [TRICKNAME] 1047.216309 : Show trick name
[1400.12] Log: [TRICKNAME] 1048.216064 : Show trick name
[1402.12] Log: [TRICKNAME] 1050.215576 : Hide trick name
[1426.12] Log: [TRICKNAME] 1074.213867 : Show trick name
[1427.11] Log: [TRICKNAME] 1075.209717 : Show trick name
[1428.12] Log: [TRICKNAME] 1076.212036 : Show trick name
[1429.12] Log: [TRICKNAME] 1077.213623 : Show trick name
[1431.12] Log: [TRICKNAME] 1079.218018 : Hide trick name
[1499.88] Log: [TRICKNAME] 1147.961060 : Show trick name
[1511.76] Log: [TRICKNAME] 1159.833130 : Show trick name
[1513.76] Log: [TRICKNAME] 1161.832642 : Hide trick name
[1556.53] Log: [TRICKNAME] 1204.597046 : Show trick name
[1557.53] Log: [TRICKNAME] 1205.589478 : Show trick name
[1559.53] Log: [TRICKNAME] 1207.593506 : Hide trick name
[1592.04] Log: [TRICKNAME] 1240.101196 : Show trick name
[1593.04] Log: [TRICKNAME] 1241.095581 : Show trick name
[1595.04] Log: [TRICKNAME] 1243.095703 : Hide trick name
[1618.64] Log: [TRICKNAME] 1266.692749 : Show trick name
[1619.64] Log: [TRICKNAME] 1267.685669 : Show trick name
[1621.64] Log: [TRICKNAME] 1269.686279 : Hide trick name
[1653.84] Log: [TRICKNAME] 1301.881836 : Show trick name
[1654.84] Log: [TRICKNAME] 1302.873901 : Show trick name
[1656.84] Log: [TRICKNAME] 1304.873535 : Hide trick name
[1660.23] Log: [TRICKNAME] 1308.265015 : Show trick name
[1661.22] Log: [TRICKNAME] 1309.257080 : Show trick name
[1663.23] Log: [TRICKNAME] 1311.263672 : Hide trick name
[1667.53] Log: [TRICKNAME] 1315.566284 : Show trick name
[1668.52] Log: [TRICKNAME] 1316.558350 : Show trick name
[1670.53] Log: [TRICKNAME] 1318.558350 : Hide trick name
[1736.91] Log: [TRICKNAME] 1384.924316 : Show trick name
[1737.90] Log: [TRICKNAME] 1385.916382 : Show trick name
[1738.90] Log: [TRICKNAME] 1386.916138 : Show trick name
[1739.91] Log: [TRICKNAME] 1387.918457 : Show trick name
[1741.91] Log: [TRICKNAME] 1389.919189 : Hide trick name
[1887.97] Log: [TRICKNAME] 1535.937012 : Show trick name
[1888.96] Log: [TRICKNAME] 1536.931030 : Show trick name
[1890.97] Log: [TRICKNAME] 1538.934937 : Hide trick name
[2045.94] Log: [TRICKNAME] 1693.864380 : Show trick name
[2046.93] Log: [TRICKNAME] 1694.856445 : Show trick name
[2048.93] Log: [TRICKNAME] 1696.856323 : Hide trick name
[2050.56] Log: [TRICKNAME] 1698.479004 : Show trick name
[2051.55] Log: [TRICKNAME] 1699.471191 : Show trick name
[2053.55] Log: [TRICKNAME] 1701.477417 : Hide trick name
[2085.47] Log: [TRICKNAME] 1733.381348 : Show trick name
[2086.46] Log: [TRICKNAME] 1734.373413 : Show trick name
[2088.46] Log: [TRICKNAME] 1736.372925 : Hide trick name
[2092.95] Log: [TRICKNAME] 1740.865356 : Show trick name
[2093.95] Log: [TRICKNAME] 1741.857666 : Show trick name
[2095.95] Log: [TRICKNAME] 1743.865723 : Hide trick name
[2113.48] Log: [TRICKNAME] 1761.383423 : Show trick name
[2114.47] Log: [TRICKNAME] 1762.379761 : Show trick name
[2116.48] Log: [TRICKNAME] 1764.385620 : Hide trick name
[2121.00] Log: [TRICKNAME] 1768.901367 : Show trick name
[2121.99] Log: [TRICKNAME] 1769.893433 : Show trick name
[2123.99] Log: [TRICKNAME] 1771.895874 : Hide trick name
[2127.71] Log: [TRICKNAME] 1775.615601 : Show trick name
[2128.71] Log: [TRICKNAME] 1776.611572 : Show trick name
[2130.71] Log: [TRICKNAME] 1778.612671 : Hide trick name
[2141.10] Log: [TRICKNAME] 1788.998901 : Show trick name
[2142.09] Log: [TRICKNAME] 1789.990967 : Show trick name
[2143.10] Log: [TRICKNAME] 1790.997437 : Show trick name
[2144.11] Log: [TRICKNAME] 1792.004517 : Show trick name
[2146.11] Log: [TRICKNAME] 1794.004272 : Hide trick name
[2171.31] Log: [TRICKNAME] 1819.201660 : Show trick name
[2172.30] Log: [TRICKNAME] 1820.194702 : Show trick name
[2174.30] Log: [TRICKNAME] 1822.194580 : Hide trick name
[2190.12] Log: [TRICKNAME] 1838.011963 : Show trick name
[2191.11] Log: [TRICKNAME] 1839.004150 : Show trick name
[2193.11] Log: [TRICKNAME] 1841.003662 : Hide trick name
[2199.78] Log: [TRICKNAME] 1847.663452 : Show trick name
[2200.78] Log: [TRICKNAME] 1848.662842 : Show trick name
[2201.78] Log: [TRICKNAME] 1849.669067 : Show trick name
[2202.78] Log: [TRICKNAME] 1850.669922 : Show trick name
[2204.79] Log: [TRICKNAME] 1852.674805 : Hide trick name
[2240.16] Log: [TRICKNAME] 1888.035767 : Show trick name
[2241.15] Log: [TRICKNAME] 1889.027954 : Show trick name
[2242.93] Log: [TRICKNAME] 1890.804565 : Show trick name
[2243.93] Log: [TRICKNAME] 1891.808960 : Show trick name
[2245.93] Log: [TRICKNAME] 1893.809692 : Hide trick name
[2273.64] Log: [TRICKNAME] 1921.508423 : Show trick name
[2274.64] Log: [TRICKNAME] 1922.503418 : Show trick name
[2276.64] Log: [TRICKNAME] 1924.506348 : Hide trick name
[2317.06] Log: [TRICKNAME] 1964.920288 : Show trick name
[2318.06] Log: [TRICKNAME] 1965.917969 : Show trick name
[2320.06] Log: [TRICKNAME] 1967.918701 : Hide trick name
[2383.57] Log: [TRICKNAME] 2031.421265 : Show trick name
[2384.57] Log: [TRICKNAME] 2032.413330 : Show trick name
[2386.57] Log: [TRICKNAME] 2034.415039 : Hide trick name
[2450.08] Log: [TRICKNAME] 2098.085449 : Show trick name
[2451.08] Log: [TRICKNAME] 2099.083252 : Show trick name
[2453.08] Log: [TRICKNAME] 2101.086670 : Hide trick name
[2497.79] Log: [TRICKNAME] 2146.110840 : Show trick name
[2498.78] Log: [TRICKNAME] 2147.118652 : Show trick name
[2500.79] Log: [TRICKNAME] 2149.141113 : Hide trick name
[2505.20] Log: [TRICKNAME] 2153.616455 : Show trick name
[2506.19] Log: [TRICKNAME] 2154.624268 : Show trick name
[2508.19] Log: [TRICKNAME] 2156.646484 : Hide trick name
[2512.08] Log: [TRICKNAME] 2160.542969 : Show trick name
[2513.07] Log: [TRICKNAME] 2161.552490 : Show trick name
[2515.07] Log: [TRICKNAME] 2163.581055 : Hide trick name
[2539.21] Log: [TRICKNAME] 2187.917480 : Show trick name
[2540.20] Log: [TRICKNAME] 2188.916748 : Show trick name
[2542.21] Log: [TRICKNAME] 2190.932129 : Hide trick name
[2564.76] Log: [TRICKNAME] 2213.575928 : Show trick name
[2565.75] Log: [TRICKNAME] 2214.569824 : Show trick name
[2567.76] Log: [TRICKNAME] 2216.597900 : Hide trick name
[2570.87] Log: [TRICKNAME] 2219.754150 : Show trick name
[2571.86] Log: [TRICKNAME] 2220.761963 : Show trick name
[2573.86] Log: [TRICKNAME] 2222.782471 : Hide trick name
[2577.62] Log: [TRICKNAME] 2226.582031 : Show trick name
[2578.62] Log: [TRICKNAME] 2227.589600 : Show trick name
[2579.80] Log: [TRICKNAME] 2228.768311 : Show trick name
[2580.80] Log: [TRICKNAME] 2229.778809 : Show trick name
[2582.80] Log: [TRICKNAME] 2231.810059 : Hide trick name
[2587.97] Log: [TRICKNAME] 2237.060059 : Show trick name
[2588.96] Log: [TRICKNAME] 2238.067871 : Show trick name
[2589.96] Log: [TRICKNAME] 2239.083496 : Show trick name
[2590.96] Log: [TRICKNAME] 2240.099121 : Show trick name
[2591.96] Log: [TRICKNAME] 2241.114746 : Show trick name
[2592.97] Log: [TRICKNAME] 2242.124268 : Show trick name
[2594.97] Log: [TRICKNAME] 2244.131104 : Hide trick name
[2723.46] Log: [TRICKNAME] 2373.292480 : Show trick name
[2724.45] Log: [TRICKNAME] 2374.300293 : Show trick name
[2726.45] Log: [TRICKNAME] 2376.322754 : Hide trick name
[2782.27] Log: [TRICKNAME] 2432.432129 : Show trick name
[2783.27] Log: [TRICKNAME] 2433.436035 : Show trick name
[2785.28] Log: [TRICKNAME] 2435.467773 : Hide trick name
[2787.49] Log: [TRICKNAME] 2437.717773 : Show trick name
[2788.49] Log: [TRICKNAME] 2438.725586 : Show trick name
[2789.49] Log: [TRICKNAME] 2439.741211 : Show trick name
[2790.49] Log: [TRICKNAME] 2440.756836 : Show trick name
[2792.49] Log: [TRICKNAME] 2442.793945 : Hide trick name
[2795.26] Log: [TRICKNAME] 2445.604004 : Show trick name
[2796.26] Log: [TRICKNAME] 2446.611816 : Show trick name
[2797.37] Log: [TRICKNAME] 2447.744629 : Show trick name
[2798.37] Log: [TRICKNAME] 2448.760254 : Show trick name
[2800.37] Log: [TRICKNAME] 2450.791504 : Hide trick name
[2817.32] Log: [TRICKNAME] 2467.876709 : Show trick name
[2818.32] Log: [TRICKNAME] 2468.879883 : Show trick name
[2820.32] Log: [TRICKNAME] 2470.911865 : Hide trick name
[2884.98] Log: [TRICKNAME] 2535.920654 : Show trick name
[2885.98] Log: [TRICKNAME] 2536.929199 : Show trick name
[2887.98] Log: [TRICKNAME] 2538.944580 : Hide trick name
[2894.33] Log: [TRICKNAME] 2545.371826 : Show trick name
[2895.32] Log: [TRICKNAME] 2546.378662 : Show trick name
[2897.33] Log: [TRICKNAME] 2548.404297 : Hide trick name
[2905.51] Log: [TRICKNAME] 2556.710938 : Show trick name
[2906.51] Log: [TRICKNAME] 2557.718994 : Show trick name
[2908.51] Log: [TRICKNAME] 2559.753418 : Hide trick name
[2921.38] Log: [TRICKNAME] 2572.734619 : Show trick name
[2922.37] Log: [TRICKNAME] 2573.742920 : Show trick name
[2924.38] Log: [TRICKNAME] 2575.771729 : Hide trick name
[2925.63] Log: [TRICKNAME] 2577.045166 : Show trick name
[2926.63] Log: [TRICKNAME] 2578.052979 : Show trick name
[2928.63] Log: [TRICKNAME] 2580.084229 : Hide trick name
[2929.66] Log: [TRICKNAME] 2581.131104 : Show trick name
[2930.65] Log: [TRICKNAME] 2582.138916 : Show trick name
[2932.65] Log: [TRICKNAME] 2584.146729 : Hide trick name
[2966.69] Log: [TRICKNAME] 2618.322266 : Show trick name
[2967.69] Log: [TRICKNAME] 2619.316162 : Show trick name
[2969.69] Log: [TRICKNAME] 2621.336426 : Hide trick name
[2972.35] Log: [TRICKNAME] 2624.039551 : Show trick name
[2973.35] Log: [TRICKNAME] 2625.047852 : Show trick name
[2975.35] Log: [TRICKNAME] 2627.057129 : Hide trick name
[2979.20] Log: [TRICKNAME] 2630.925781 : Show trick name
[2980.20] Log: [TRICKNAME] 2631.930664 : Show trick name
[2981.20] Log: [TRICKNAME] 2632.946289 : Show trick name
[2982.20] Log: [TRICKNAME] 2633.961914 : Show trick name
[2983.20] Log: [TRICKNAME] 2634.977539 : Show trick name
[2984.20] Log: [TRICKNAME] 2635.993164 : Show trick name
[2986.20] Log: [TRICKNAME] 2638.024414 : Hide trick name
[2993.55] Log: [TRICKNAME] 2645.486328 : Show trick name
[2994.54] Log: [TRICKNAME] 2646.494141 : Show trick name
[2996.54] Log: [TRICKNAME] 2648.503662 : Hide trick name
[3022.98] Log: [TRICKNAME] 2675.216797 : Show trick name
[3023.98] Log: [TRICKNAME] 2676.217529 : Show trick name
[3024.98] Log: [TRICKNAME] 2677.230713 : Show trick name
[3025.99] Log: [TRICKNAME] 2678.250244 : Show trick name
[3026.99] Log: [TRICKNAME] 2679.265869 : Show trick name
[3027.99] Log: [TRICKNAME] 2680.275391 : Show trick name
[3030.00] Log: [TRICKNAME] 2682.298096 : Hide trick name
[3090.02] Log: [TRICKNAME] 2742.959961 : Show trick name
[3091.02] Log: [TRICKNAME] 2743.957520 : Show trick name
[3093.03] Log: [TRICKNAME] 2745.968018 : Hide trick name
[3103.71] Log: [TRICKNAME] 2756.678223 : Show trick name
[3104.70] Log: [TRICKNAME] 2757.677002 : Show trick name
[3106.70] Log: [TRICKNAME] 2759.680176 : Hide trick name
[3123.14] Log: [TRICKNAME] 2776.239258 : Show trick name
[3124.13] Log: [TRICKNAME] 2777.247070 : Show trick name
[3126.13] Log: [TRICKNAME] 2779.278320 : Hide trick name
[3128.68] Log: [TRICKNAME] 2781.859131 : Show trick name
[3129.68] Log: [TRICKNAME] 2782.869873 : Show trick name
[3131.68] Log: [TRICKNAME] 2784.901123 : Hide trick name
[3136.86] Log: [TRICKNAME] 2790.160156 : Show trick name
[3137.85] Log: [TRICKNAME] 2791.167969 : Show trick name
[3139.85] Log: [TRICKNAME] 2793.199219 : Hide trick name
[3140.27] Log: [TRICKNAME] 2793.621094 : Show trick name
[3141.26] Log: [TRICKNAME] 2794.628906 : Show trick name
[3143.26] Log: [TRICKNAME] 2796.657715 : Hide trick name
[3145.01] Log: [TRICKNAME] 2798.429443 : Show trick name
[3146.01] Log: [TRICKNAME] 2799.441406 : Show trick name
[3148.02] Log: [TRICKNAME] 2801.472412 : Hide trick name
[3228.80] Log: [TRICKNAME] 2883.158447 : Show trick name
[3229.79] Log: [TRICKNAME] 2884.167725 : Show trick name
[3232.96] Log: [TRICKNAME] 2887.359375 : Hide trick name
[3235.63] Log: [TRICKNAME] 2890.070313 : Show trick name
[3236.62] Log: [TRICKNAME] 2891.073730 : Show trick name
[3238.62] Log: [TRICKNAME] 2893.101563 : Hide trick name
[3244.03] Log: [TRICKNAME] 2898.583252 : Show trick name
[3245.03] Log: [TRICKNAME] 2899.591064 : Show trick name
[3246.03] Log: [TRICKNAME] 2900.606689 : Show trick name
[3247.03] Log: [TRICKNAME] 2901.614990 : Show trick name
[3248.03] Log: [TRICKNAME] 2902.636230 : Show trick name
[3249.03] Log: [TRICKNAME] 2903.651855 : Show trick name
[3251.03] Log: [TRICKNAME] 2905.683105 : Hide trick name
[3343.77] Log: [TRICKNAME] 2999.779053 : Show trick name
[3344.76] Log: [TRICKNAME] 3000.786865 : Show trick name
[3346.76] Log: [TRICKNAME] 3002.805664 : Hide trick name
[3351.30] Log: [TRICKNAME] 3007.415039 : Show trick name
[3352.30] Log: [TRICKNAME] 3008.425293 : Show trick name
[3354.31] Log: [TRICKNAME] 3010.458008 : Hide trick name
[3466.06] Log: [TRICKNAME] 3123.687988 : Show trick name
[3467.06] Log: [TRICKNAME] 3124.695801 : Show trick name
[3469.06] Log: [TRICKNAME] 3126.727051 : Hide trick name
[3470.71] Log: [TRICKNAME] 3128.406738 : Show trick name
[3471.70] Log: [TRICKNAME] 3129.414551 : Show trick name
[3473.71] Log: [TRICKNAME] 3131.446289 : Hide trick name
[3479.06] Log: [TRICKNAME] 3136.886475 : Show trick name
[3480.06] Log: [TRICKNAME] 3137.894287 : Show trick name
[3482.06] Log: [TRICKNAME] 3139.925537 : Hide trick name
[3491.91] Log: [TRICKNAME] 3149.913330 : Show trick name
[3492.91] Log: [TRICKNAME] 3150.921143 : Show trick name
[3494.91] Log: [TRICKNAME] 3152.952393 : Hide trick name
[3496.30] Log: [TRICKNAME] 3154.366455 : Show trick name
[3497.29] Log: [TRICKNAME] 3155.375488 : Show trick name
[3499.29] Log: [TRICKNAME] 3157.406738 : Hide trick name
[3502.07] Log: [TRICKNAME] 3160.227051 : Show trick name
[3503.07] Log: [TRICKNAME] 3161.234863 : Show trick name
[3505.07] Log: [TRICKNAME] 3163.248779 : Hide trick name
[3506.04] Log: [TRICKNAME] 3164.237793 : Show trick name
[3507.04] Log: [TRICKNAME] 3165.230469 : Show trick name
[3509.04] Log: [TRICKNAME] 3167.261963 : Hide trick name
[3583.72] Log: [TRICKNAME] 3242.960205 : Show trick name
[3584.72] Log: [TRICKNAME] 3243.968018 : Show trick name
[3586.72] Log: [TRICKNAME] 3245.999268 : Hide trick name
[3588.81] Log: [TRICKNAME] 3248.124756 : Show trick name
[3589.81] Log: [TRICKNAME] 3249.135010 : Show trick name
[3591.81] Log: [TRICKNAME] 3251.165771 : Hide trick name
[3603.97] Log: [TRICKNAME] 3263.505615 : Show trick name
[3604.97] Log: [TRICKNAME] 3264.518799 : Show trick name
[3606.97] Log: [TRICKNAME] 3266.532715 : Hide trick name
[3627.94] Log: [TRICKNAME] 3287.746338 : Show trick name
[3628.94] Log: [TRICKNAME] 3288.747803 : Show trick name
[3630.94] Log: [TRICKNAME] 3290.757813 : Hide trick name
[3709.44] Log: [TRICKNAME] 3369.807129 : Show trick name
[3710.44] Log: [TRICKNAME] 3370.813721 : Show trick name
[3712.44] Log: [TRICKNAME] 3372.839111 : Hide trick name
[3713.82] Log: [TRICKNAME] 3374.237549 : Show trick name
[3714.82] Log: [TRICKNAME] 3375.246826 : Show trick name
[3716.83] Log: [TRICKNAME] 3377.270020 : Hide trick name
[3733.13] Log: [TRICKNAME] 3393.740967 : Show trick name
[3734.13] Log: [TRICKNAME] 3394.744385 : Show trick name
[3736.13] Log: [TRICKNAME] 3396.775879 : Hide trick name
[3816.29] Log: [TRICKNAME] 3477.392578 : Show trick name
[3817.29] Log: [TRICKNAME] 3478.397461 : Show trick name
[3819.29] Log: [TRICKNAME] 3480.419189 : Hide trick name
[3822.71] Log: [TRICKNAME] 3483.887939 : Show trick name
[3823.70] Log: [TRICKNAME] 3484.897217 : Show trick name
[3825.71] Log: [TRICKNAME] 3486.916748 : Hide trick name
[3835.38] Log: [TRICKNAME] 3496.675781 : Show trick name
[3836.37] Log: [TRICKNAME] 3497.674805 : Show trick name
[3838.37] Log: [TRICKNAME] 3499.678955 : Hide trick name
[3889.56] Log: [TRICKNAME] 3551.199951 : Show trick name
[3890.55] Log: [TRICKNAME] 3552.198730 : Show trick name
[3892.55] Log: [TRICKNAME] 3554.216064 : Hide trick name
[3895.92] Log: [TRICKNAME] 3557.589111 : Show trick name
[3896.92] Log: [TRICKNAME] 3558.584961 : Show trick name
[3898.92] Log: [TRICKNAME] 3560.586670 : Hide trick name
[3899.12] Log: [TRICKNAME] 3560.784180 : Show trick name
[3900.11] Log: [TRICKNAME] 3561.788330 : Show trick name
[3902.11] Log: [TRICKNAME] 3563.819580 : Hide trick name
[3903.35] Log: [TRICKNAME] 3565.077393 : Show trick name
[3904.34] Log: [TRICKNAME] 3566.079590 : Show trick name
[3906.35] Log: [TRICKNAME] 3568.108154 : Hide trick name
[3917.51] Log: [TRICKNAME] 3579.400635 : Show trick name
[3918.50] Log: [TRICKNAME] 3580.408447 : Show trick name
[3919.50] Log: [TRICKNAME] 3581.424072 : Show trick name
[3920.50] Log: [TRICKNAME] 3582.433838 : Show trick name
[3922.50] Log: [TRICKNAME] 3584.436768 : Hide trick name
[3927.42] Log: [TRICKNAME] 3589.357910 : Show trick name
[3928.42] Log: [TRICKNAME] 3590.354980 : Show trick name
[3930.42] Log: [TRICKNAME] 3592.349609 : Hide trick name
[3977.04] Log: [TRICKNAME] 3639.470215 : Show trick name
[3978.04] Log: [TRICKNAME] 3640.469971 : Show trick name
[3979.04] Log: [TRICKNAME] 3641.476807 : Show trick name
[3980.04] Log: [TRICKNAME] 3642.479980 : Show trick name
[3982.04] Log: [TRICKNAME] 3644.480713 : Hide trick name
[4002.79] Log: [TRICKNAME] 3665.361084 : Show trick name
[4003.78] Log: [TRICKNAME] 3666.368896 : Show trick name
[4005.78] Log: [TRICKNAME] 3668.401367 : Hide trick name
[4019.26] Log: [TRICKNAME] 3682.057617 : Show trick name
[4020.26] Log: [TRICKNAME] 3683.068359 : Show trick name
[4021.93] Log: [TRICKNAME] 3684.761230 : Show trick name
[4022.93] Log: [TRICKNAME] 3685.777344 : Show trick name
[4024.93] Log: [TRICKNAME] 3687.814453 : Hide trick name
[4028.62] Log: [TRICKNAME] 3691.555420 : Show trick name
[4029.61] Log: [TRICKNAME] 3692.563232 : Show trick name
[4030.70] Log: [TRICKNAME] 3693.664795 : Show trick name
[4031.70] Log: [TRICKNAME] 3694.681396 : Show trick name
[4032.72] Log: [TRICKNAME] 3695.711182 : Show trick name
[4033.72] Log: [TRICKNAME] 3696.726807 : Show trick name
[4035.72] Log: [TRICKNAME] 3698.755859 : Hide trick name
[4088.39] Log: [TRICKNAME] 3752.039795 : Show trick name
[4089.39] Log: [TRICKNAME] 3753.050781 : Show trick name
[4091.39] Log: [TRICKNAME] 3755.082031 : Hide trick name
[4098.57] Log: [TRICKNAME] 3762.359619 : Show trick name
[4099.57] Log: [TRICKNAME] 3763.370605 : Show trick name
[4101.57] Log: [TRICKNAME] 3765.396240 : Hide trick name
[4113.22] Log: [TRICKNAME] 3777.196777 : Show trick name
[4114.21] Log: [TRICKNAME] 3778.195313 : Show trick name
[4115.22] Log: [TRICKNAME] 3779.211182 : Show trick name
[4116.22] Log: [TRICKNAME] 3780.224854 : Show trick name
[4117.22] Log: [TRICKNAME] 3781.236084 : Show trick name
[4118.23] Log: [TRICKNAME] 3782.252441 : Show trick name
[4119.23] Log: [TRICKNAME] 3783.268555 : Show trick name
[4120.23] Log: [TRICKNAME] 3784.284180 : Show trick name
[4121.71] Log: [TRICKNAME] 3785.784180 : Show trick name
[4122.72] Log: [TRICKNAME] 3786.799805 : Show trick name
[4124.72] Log: [TRICKNAME] 3788.824219 : Hide trick name
[4171.10] Log: [TRICKNAME] 3835.678711 : Show trick name
[4172.09] Log: [TRICKNAME] 3836.686523 : Show trick name
[4173.09] Log: [TRICKNAME] 3837.696777 : Show trick name
[4174.10] Log: [TRICKNAME] 3838.709229 : Show trick name
[4176.10] Log: [TRICKNAME] 3840.733887 : Hide trick name
[4179.11] Log: [TRICKNAME] 3843.777588 : Show trick name
[4180.10] Log: [TRICKNAME] 3844.785400 : Show trick name
[4182.10] Log: [TRICKNAME] 3846.797852 : Hide trick name
[4193.27] Log: [TRICKNAME] 3858.066895 : Show trick name
[4194.27] Log: [TRICKNAME] 3859.075684 : Show trick name
[4196.27] Log: [TRICKNAME] 3861.099365 : Hide trick name
[4199.33] Log: [TRICKNAME] 3864.196533 : Show trick name
[4200.33] Log: [TRICKNAME] 3865.199951 : Show trick name
[4202.34] Log: [TRICKNAME] 3867.216309 : Hide trick name
[4209.38] Log: [TRICKNAME] 3874.325439 : Show trick name
[4210.37] Log: [TRICKNAME] 3875.333252 : Show trick name
[4211.37] Log: [TRICKNAME] 3876.349365 : Show trick name
[4212.38] Log: [TRICKNAME] 3877.355957 : Show trick name
[4213.38] Log: [TRICKNAME] 3878.369385 : Show trick name
[4214.39] Log: [TRICKNAME] 3879.390625 : Show trick name
[4216.39] Log: [TRICKNAME] 3881.421875 : Hide trick name
[4248.58] Log: [TRICKNAME] 3913.800293 : Show trick name
[4249.57] Log: [TRICKNAME] 3914.808105 : Show trick name
[4251.57] Log: [TRICKNAME] 3916.835205 : Hide trick name
[4256.15] Log: [TRICKNAME] 3921.424072 : Show trick name
[4257.15] Log: [TRICKNAME] 3922.419189 : Show trick name
[4258.69] Log: [TRICKNAME] 3923.966553 : Show trick name
[4259.70] Log: [TRICKNAME] 3924.975098 : Show trick name
[4261.70] Log: [TRICKNAME] 3927.006348 : Hide trick name
[4261.85] Log: [TRICKNAME] 3927.162598 : Show trick name
[4262.84] Log: [TRICKNAME] 3928.170410 : Show trick name
[4263.85] Log: [TRICKNAME] 3929.194580 : Show trick name
[4264.86] Log: [TRICKNAME] 3930.199219 : Show trick name
[4265.86] Log: [TRICKNAME] 3931.213623 : Show trick name
[4266.86] Log: [TRICKNAME] 3932.229248 : Show trick name
[4268.86] Log: [TRICKNAME] 3934.260498 : Hide trick name
[4277.06] Log: [TRICKNAME] 3942.519775 : Show trick name
[4278.05] Log: [TRICKNAME] 3943.515137 : Show trick name
[4280.05] Log: [TRICKNAME] 3945.534180 : Hide trick name
[4281.68] Log: [TRICKNAME] 3947.190430 : Show trick name
[4282.68] Log: [TRICKNAME] 3948.197998 : Show trick name
[4284.68] Log: [TRICKNAME] 3950.213623 : Hide trick name
[4320.20] Log: [TRICKNAME] 3986.124756 : Show trick name
[4321.20] Log: [TRICKNAME] 3987.132813 : Show trick name
[4322.20] Log: [TRICKNAME] 3988.148438 : Show trick name
[4323.20] Log: [TRICKNAME] 3989.170166 : Show trick name
[4325.20] Log: [TRICKNAME] 3991.201904 : Hide trick name
[4328.00] Log: [TRICKNAME] 3994.027832 : Show trick name
[4328.99] Log: [TRICKNAME] 3995.022705 : Show trick name
[4330.00] Log: [TRICKNAME] 3996.030029 : Show trick name
[4331.01] Log: [TRICKNAME] 3997.039795 : Show trick name
[4333.02] Log: [TRICKNAME] 3999.064697 : Hide trick name
[4335.52] Log: [TRICKNAME] 4001.603760 : Show trick name
[4336.51] Log: [TRICKNAME] 4002.612305 : Show trick name
[4338.52] Log: [TRICKNAME] 4004.621094 : Hide trick name
[4408.31] Log: [TRICKNAME] 4074.711914 : Show trick name
[4409.31] Log: [TRICKNAME] 4075.711670 : Show trick name
[4411.31] Log: [TRICKNAME] 4077.742920 : Hide trick name
[4418.17] Log: [TRICKNAME] 4084.637451 : Show trick name
[4419.16] Log: [TRICKNAME] 4085.644531 : Show trick name
[4421.17] Log: [TRICKNAME] 4087.678711 : Hide trick name
[4429.73] Log: [TRICKNAME] 4096.373047 : Show trick name
[4430.73] Log: [TRICKNAME] 4097.386230 : Show trick name
[4432.73] Log: [TRICKNAME] 4099.417480 : Hide trick name
[4437.47] Log: [TRICKNAME] 4104.228027 : Show trick name
[4438.46] Log: [TRICKNAME] 4105.235840 : Show trick name
[4440.46] Log: [TRICKNAME] 4107.267090 : Hide trick name
[4440.79] Log: [TRICKNAME] 4107.603027 : Show trick name
[4441.79] Log: [TRICKNAME] 4108.612305 : Show trick name
[4443.32] Log: [TRICKNAME] 4110.157715 : Show trick name
[4444.32] Log: [TRICKNAME] 4111.173340 : Show trick name
[4446.32] Log: [TRICKNAME] 4113.206055 : Hide trick name
[4512.18] Log: [TRICKNAME] 4179.874512 : Show trick name
[4513.17] Log: [TRICKNAME] 4180.885254 : Show trick name
[4515.18] Log: [TRICKNAME] 4182.911133 : Hide trick name
[4521.95] Log: [TRICKNAME] 4189.782227 : Show trick name
[4522.94] Log: [TRICKNAME] 4190.790039 : Show trick name
[4523.94] Log: [TRICKNAME] 4191.808594 : Show trick name
[4524.95] Log: [TRICKNAME] 4192.826660 : Show trick name
[4526.95] Log: [TRICKNAME] 4194.857910 : Hide trick name
[4601.13] Log: [TRICKNAME] 4270.102051 : Show trick name
[4602.12] Log: [TRICKNAME] 4271.109863 : Show trick name
[4604.12] Log: [TRICKNAME] 4273.141113 : Hide trick name
[4635.97] Log: [TRICKNAME] 4305.333496 : Show trick name
[4636.96] Log: [TRICKNAME] 4306.337402 : Show trick name
[4637.97] Log: [TRICKNAME] 4307.354004 : Show trick name
[4639.97] Log: [TRICKNAME] 4309.385254 : Hide trick name
[4650.39] Log: [TRICKNAME] 4319.935547 : Show trick name
[4651.38] Log: [TRICKNAME] 4320.944824 : Show trick name
[4653.38] Log: [TRICKNAME] 4322.976074 : Hide trick name
[4654.16] Log: [TRICKNAME] 4323.765137 : Show trick name
[4655.15] Log: [TRICKNAME] 4324.772949 : Show trick name
[4657.15] Log: [TRICKNAME] 4326.804199 : Hide trick name
[4657.68] Log: [TRICKNAME] 4327.343262 : Show trick name
[4658.67] Log: [TRICKNAME] 4328.351074 : Show trick name
[4659.73] Log: [TRICKNAME] 4329.421387 : Show trick name
[4660.73] Log: [TRICKNAME] 4330.437012 : Show trick name
[4662.20] Log: [TRICKNAME] 4331.929199 : Show trick name
[4663.20] Log: [TRICKNAME] 4332.944824 : Show trick name
[4664.20] Log: [TRICKNAME] 4333.960449 : Show trick name
[4665.20] Log: [TRICKNAME] 4334.979980 : Show trick name
[4667.21] Log: [TRICKNAME] 4337.000977 : Hide trick name
[4667.84] Log: [TRICKNAME] 4337.641602 : Show trick name
[4668.83] Log: [TRICKNAME] 4338.645996 : Show trick name
[4670.84] Log: [TRICKNAME] 4340.670410 : Hide trick name
[4685.41] Log: [TRICKNAME] 4355.453613 : Show trick name
[4686.40] Log: [TRICKNAME] 4356.461426 : Show trick name
[4687.40] Log: [TRICKNAME] 4357.474121 : Show trick name
[4688.41] Log: [TRICKNAME] 4358.484375 : Show trick name
[4690.41] Log: [TRICKNAME] 4360.504395 : Hide trick name
[4836.54] Log: [TRICKNAME] 4508.217773 : Show trick name
[4837.53] Log: [TRICKNAME] 4509.225586 : Show trick name
[4838.53] Log: [TRICKNAME] 4510.241211 : Show trick name
[4839.53] Log: [TRICKNAME] 4511.256836 : Show trick name
[4841.53] Log: [TRICKNAME] 4513.285645 : Hide trick name
[4950.23] Log: Closing by request
[4950.90] Log: Log file closed, 06/06/16 01:42:48
