[0258.23] Log: Log file open, 06/01/16 00:47:41
[0258.23] Log: FLevelSaver: 393216 bytes
[0258.23] Log: m_ObjectDictionarySaver: 131072 bytes
[0258.23] Log: m_ObjectDictionary: 379136 bytes for 5348 items
[0258.23] Log: m_SavedObjects: 280768 bytes for 4060 items
[0296.60] Log: FLevelSaver: 393216 bytes
[0296.60] Log: m_ObjectDictionarySaver: 131072 bytes
[0296.60] Log: m_ObjectDictionary: 379136 bytes for 5349 items
[0296.60] Log: m_SavedObjects: 280768 bytes for 4061 items
[0502.53] Log: FLevelSaver: 393216 bytes
[0502.53] Log: m_ObjectDictionarySaver: 131072 bytes
[0502.53] Log: m_ObjectDictionary: 379136 bytes for 5345 items
[0502.53] Log: m_SavedObjects: 280768 bytes for 4060 items
[0616.27] Log: FLevelSaver: 393216 bytes
[0616.27] Log: m_ObjectDictionarySaver: 131072 bytes
[0616.27] Log: m_ObjectDictionary: 379136 bytes for 5339 items
[0616.27] Log: m_SavedObjects: 280768 bytes for 4048 items
[0697.06] Log: FLevelSaver: 393216 bytes
[0697.06] Log: m_ObjectDictionarySaver: 131072 bytes
[0697.06] Log: m_ObjectDictionary: 395520 bytes for 14757 items
[0697.06] Log: m_SavedObjects: 305344 bytes for 12624 items
[0857.53] Log: FLevelSaver: 393216 bytes
[0857.53] Log: m_ObjectDictionarySaver: 131072 bytes
[0857.53] Log: m_ObjectDictionary: 395520 bytes for 14787 items
[0857.53] Log: m_SavedObjects: 305344 bytes for 12645 items
[1026.37] Log: FLevelSaver: 393216 bytes
[1026.37] Log: m_ObjectDictionarySaver: 131072 bytes
[1026.37] Log: m_ObjectDictionary: 379136 bytes for 5645 items
[1026.37] Log: m_SavedObjects: 288960 bytes for 4442 items
[1036.34] Log: FLevelSaver: 393216 bytes
[1036.34] Log: m_ObjectDictionarySaver: 131072 bytes
[1036.34] Log: m_ObjectDictionary: 395520 bytes for 9594 items
[1036.34] Log: m_SavedObjects: 288960 bytes for 8012 items
[1491.66] Log: FLevelSaver: 393216 bytes
[1491.66] Log: m_ObjectDictionarySaver: 131072 bytes
[1491.66] Log: m_ObjectDictionary: 395520 bytes for 9181 items
[1491.66] Log: m_SavedObjects: 288960 bytes for 7628 items
[2283.30] Log: FLevelSaver: 393216 bytes
[2283.30] Log: m_ObjectDictionarySaver: 131072 bytes
[2283.30] Log: m_ObjectDictionary: 395520 bytes for 9186 items
[2283.30] Log: m_SavedObjects: 288960 bytes for 7622 items
[2532.03] Log: FLevelSaver: 393216 bytes
[2532.03] Log: m_ObjectDictionarySaver: 131072 bytes
[2532.03] Log: m_ObjectDictionary: 395520 bytes for 8193 items
[2532.03] Log: m_SavedObjects: 288960 bytes for 6646 items
[2607.56] Log: FLevelSaver: 393216 bytes
[2607.56] Log: m_ObjectDictionarySaver: 131072 bytes
[2607.56] Log: m_ObjectDictionary: 395520 bytes for 8192 items
[2607.56] Log: m_SavedObjects: 288960 bytes for 6643 items
[2852.42] Log: FLevelSaver: 393216 bytes
[2852.42] Log: m_ObjectDictionarySaver: 131072 bytes
[2852.42] Log: m_ObjectDictionary: 395520 bytes for 8182 items
[2852.42] Log: m_SavedObjects: 288960 bytes for 6630 items
[3194.37] Log: FLevelSaver: 393216 bytes
[3194.37] Log: m_ObjectDictionarySaver: 131072 bytes
[3194.37] Log: m_ObjectDictionary: 395520 bytes for 14317 items
[3194.37] Log: m_SavedObjects: 305344 bytes for 12169 items
[3417.03] Log: FLevelSaver: 393216 bytes
[3417.03] Log: m_ObjectDictionarySaver: 131072 bytes
[3417.03] Log: m_ObjectDictionary: 395520 bytes for 13627 items
[3417.03] Log: m_SavedObjects: 305344 bytes for 11492 items
[3499.41] Log: FLevelSaver: 393216 bytes
[3499.41] Log: m_ObjectDictionarySaver: 131072 bytes
[3499.41] Log: m_ObjectDictionary: 395520 bytes for 13417 items
[3499.41] Log: m_SavedObjects: 305344 bytes for 11278 items
[3554.22] Log: FLevelSaver: 393216 bytes
[3554.22] Log: m_ObjectDictionarySaver: 131072 bytes
[3554.22] Log: m_ObjectDictionary: 395520 bytes for 13394 items
[3554.22] Log: m_SavedObjects: 305344 bytes for 11260 items
[3698.55] Log: FLevelSaver: 393216 bytes
[3698.55] Log: m_ObjectDictionarySaver: 131072 bytes
[3698.55] Log: m_ObjectDictionary: 395520 bytes for 12465 items
[3698.55] Log: m_SavedObjects: 305344 bytes for 10378 items
[3702.61] Log: FLevelSaver: 393216 bytes
[3702.61] Log: m_ObjectDictionarySaver: 131072 bytes
[3702.61] Log: m_ObjectDictionary: 395520 bytes for 13211 items
[3702.61] Log: m_SavedObjects: 305344 bytes for 11098 items
[3720.01] Log: FLevelSaver: 393216 bytes
[3720.01] Log: m_ObjectDictionarySaver: 131072 bytes
[3720.01] Log: m_ObjectDictionary: 395520 bytes for 13282 items
[3720.01] Log: m_SavedObjects: 305344 bytes for 11149 items
[4009.07] Log: FLevelSaver: 393216 bytes
[4009.07] Log: m_ObjectDictionarySaver: 131072 bytes
[4009.07] Log: m_ObjectDictionary: 395520 bytes for 13279 items
[4009.07] Log: m_SavedObjects: 305344 bytes for 11142 items
[4156.84] Log: FLevelSaver: 393216 bytes
[4156.84] Log: m_ObjectDictionarySaver: 131072 bytes
[4156.84] Log: m_ObjectDictionary: 395520 bytes for 12559 items
[4156.84] Log: m_SavedObjects: 305344 bytes for 10443 items
[4219.11] Log: FLevelSaver: 393216 bytes
[4219.11] Log: m_ObjectDictionarySaver: 131072 bytes
[4219.11] Log: m_ObjectDictionary: 395520 bytes for 12609 items
[4219.11] Log: m_SavedObjects: 305344 bytes for 10479 items
[4422.91] Log: FLevelSaver: 393216 bytes
[4422.91] Log: m_ObjectDictionarySaver: 131072 bytes
[4422.91] Log: m_ObjectDictionary: 395520 bytes for 11618 items
[4422.91] Log: m_SavedObjects: 305344 bytes for 9580 items
[4443.89] Log: FLevelSaver: 393216 bytes
[4443.89] Log: m_ObjectDictionarySaver: 131072 bytes
[4443.89] Log: m_ObjectDictionary: 395520 bytes for 11624 items
[4443.89] Log: m_SavedObjects: 305344 bytes for 9585 items
[4480.98] Log: FLevelSaver: 393216 bytes
[4480.98] Log: m_ObjectDictionarySaver: 131072 bytes
[4480.98] Log: m_ObjectDictionary: 379136 bytes for 8168 items
[4480.98] Log: m_SavedObjects: 288960 bytes for 6622 items
[4892.95] Log: FLevelSaver: 393216 bytes
[4892.95] Log: m_ObjectDictionarySaver: 131072 bytes
[4892.95] Log: m_ObjectDictionary: 379136 bytes for 5069 items
[4892.95] Log: m_SavedObjects: 280768 bytes for 3871 items
[4941.45] Log: FLevelSaver: 393216 bytes
[4941.45] Log: m_ObjectDictionarySaver: 131072 bytes
[4941.45] Log: m_ObjectDictionary: 379136 bytes for 6730 items
[4941.45] Log: m_SavedObjects: 288960 bytes for 5134 items
[5030.18] Log: FLevelSaver: 393216 bytes
[5030.18] Log: m_ObjectDictionarySaver: 131072 bytes
[5030.18] Log: m_ObjectDictionary: 379136 bytes for 6734 items
[5030.18] Log: m_SavedObjects: 288960 bytes for 5132 items
[5219.96] Log: [TRICKNAME] 135.016617 : Show trick name
[5221.91] Log: [TRICKNAME] 137.009216 : Hide trick name
[5245.39] Log: [TRICKNAME] 160.495087 : Show trick name
[5247.39] Log: [TRICKNAME] 162.488449 : Hide trick name
[5290.35] Log: [TRICKNAME] 205.442795 : Show trick name
[5292.34] Log: [TRICKNAME] 207.438904 : Hide trick name
[5353.95] Log: [TRICKNAME] 269.044617 : Show trick name
[5355.95] Log: [TRICKNAME] 271.040222 : Hide trick name
[5396.36] Log: [TRICKNAME] 311.439514 : Show trick name
[5398.35] Log: [TRICKNAME] 313.435638 : Hide trick name
[5443.53] Log: [TRICKNAME] 358.605713 : Show trick name
[5445.52] Log: [TRICKNAME] 360.598694 : Hide trick name
[5446.54] Log: [TRICKNAME] 361.617401 : Show trick name
[5447.54] Log: [TRICKNAME] 362.612762 : Show trick name
[5448.54] Log: [TRICKNAME] 363.614319 : Show trick name
[5450.54] Log: [TRICKNAME] 365.613831 : Hide trick name
[5481.33] Log: Closing by request
[5481.86] Log: Log file closed, 06/01/16 02:14:45
