[0286.49] Log: Log file open, 06/02/16 21:48:04
[0286.49] Log: [TRICKNAME] 214.439102 : Show trick name
[0287.43] Log: [TRICKNAME] 215.438644 : Show trick name
[0289.43] Log: [TRICKNAME] 217.438309 : Hide trick name
[0387.41] Log: [TRICKNAME] 315.394470 : Show trick name
[0388.40] Log: [TRICKNAME] 316.386597 : Show trick name
[0390.40] Log: [TRICKNAME] 318.389740 : Hide trick name
[0390.68] Log: [TRICKNAME] 318.665192 : Show trick name
[0391.68] Log: [TRICKNAME] 319.663940 : Show trick name
[0392.68] Log: [TRICKNAME] 320.671600 : Show trick name
[0393.68] Log: [TRICKNAME] 321.672180 : Show trick name
[0395.69] Log: [TRICKNAME] 323.672638 : Hide trick name
[0406.15] Log: [TRICKNAME] 334.130951 : Show trick name
[0407.15] Log: [TRICKNAME] 335.130432 : Show trick name
[0409.15] Log: [TRICKNAME] 337.131836 : Hide trick name
[0435.86] Log: [TRICKNAME] 363.842010 : Show trick name
[0436.85] Log: [TRICKNAME] 364.838623 : Show trick name
[0437.86] Log: [TRICKNAME] 365.843170 : Show trick name
[0438.86] Log: [TRICKNAME] 366.848907 : Show trick name
[0440.87] Log: [TRICKNAME] 368.850647 : Hide trick name
[0506.22] Log: [TRICKNAME] 434.202698 : Show trick name
[0507.21] Log: [TRICKNAME] 435.194000 : Show trick name
[0509.21] Log: [TRICKNAME] 437.197266 : Hide trick name
[0515.60] Log: [TRICKNAME] 443.581329 : Show trick name
[0516.59] Log: [TRICKNAME] 444.574219 : Show trick name
[0518.60] Log: [TRICKNAME] 446.579285 : Hide trick name
[0537.19] Log: [TRICKNAME] 465.176727 : Show trick name
[0538.19] Log: [TRICKNAME] 466.172516 : Show trick name
[0540.10] Log: [TRICKNAME] 468.083984 : Show trick name
[0541.10] Log: [TRICKNAME] 469.083740 : Show trick name
[0543.10] Log: [TRICKNAME] 471.085388 : Hide trick name
[0550.03] Log: [TRICKNAME] 478.015839 : Show trick name
[0551.03] Log: [TRICKNAME] 479.007935 : Show trick name
[0553.03] Log: [TRICKNAME] 481.008667 : Hide trick name
[0557.17] Log: [TRICKNAME] 485.146210 : Show trick name
[0558.16] Log: [TRICKNAME] 486.138580 : Show trick name
[0560.16] Log: [TRICKNAME] 488.139069 : Hide trick name
[0564.46] Log: [TRICKNAME] 492.437164 : Show trick name
[0565.46] Log: [TRICKNAME] 493.438324 : Show trick name
[0567.47] Log: [TRICKNAME] 495.445984 : Hide trick name
[0586.17] Log: [TRICKNAME] 514.145935 : Show trick name
[0587.16] Log: [TRICKNAME] 515.134583 : Show trick name
[0596.02] Log: [TRICKNAME] 523.997681 : Hide trick name
[0663.86] Log: [TRICKNAME] 591.824463 : Show trick name
[0664.85] Log: [TRICKNAME] 592.818481 : Show trick name
[0666.86] Log: [TRICKNAME] 594.824036 : Hide trick name
[0669.31] Log: [TRICKNAME] 597.277527 : Show trick name
[0670.31] Log: [TRICKNAME] 598.277161 : Show trick name
[0672.31] Log: [TRICKNAME] 600.277893 : Hide trick name
[0672.57] Log: [TRICKNAME] 600.531677 : Show trick name
[0673.56] Log: [TRICKNAME] 601.524719 : Show trick name
[0674.56] Log: [TRICKNAME] 602.524475 : Show trick name
[0675.56] Log: [TRICKNAME] 603.526062 : Show trick name
[0677.57] Log: [TRICKNAME] 605.535156 : Hide trick name
[0680.64] Log: [TRICKNAME] 608.598694 : Show trick name
[0681.63] Log: [TRICKNAME] 609.590759 : Show trick name
[0683.63] Log: [TRICKNAME] 611.590332 : Hide trick name
[0693.16] Log: [TRICKNAME] 621.122742 : Show trick name
[0694.16] Log: [TRICKNAME] 622.123169 : Show trick name
[0696.17] Log: [TRICKNAME] 624.130920 : Hide trick name
[0709.99] Log: [TRICKNAME] 637.946411 : Show trick name
[0710.98] Log: [TRICKNAME] 638.943542 : Show trick name
[0712.99] Log: [TRICKNAME] 640.945313 : Hide trick name
[0717.69] Log: [TRICKNAME] 645.647766 : Show trick name
[0718.69] Log: [TRICKNAME] 646.646423 : Show trick name
[0720.69] Log: [TRICKNAME] 648.648560 : Hide trick name
[0724.68] Log: [TRICKNAME] 652.641602 : Show trick name
[0725.68] Log: [TRICKNAME] 653.637329 : Show trick name
[0727.68] Log: [TRICKNAME] 655.639587 : Hide trick name
[0729.02] Log: [TRICKNAME] 656.977844 : Show trick name
[0730.01] Log: [TRICKNAME] 657.970032 : Show trick name
[0731.01] Log: [TRICKNAME] 658.969788 : Show trick name
[0732.01] Log: [TRICKNAME] 659.969543 : Show trick name
[0733.02] Log: [TRICKNAME] 660.976624 : Show trick name
[0734.02] Log: [TRICKNAME] 661.977539 : Show trick name
[0735.03] Log: [TRICKNAME] 662.985596 : Show trick name
[0736.03] Log: [TRICKNAME] 663.987305 : Show trick name
[0738.03] Log: [TRICKNAME] 665.987366 : Hide trick name
[0740.84] Log: [TRICKNAME] 668.795227 : Show trick name
[0741.84] Log: [TRICKNAME] 669.792175 : Show trick name
[0743.84] Log: [TRICKNAME] 671.794739 : Hide trick name
[0743.87] Log: [TRICKNAME] 671.823608 : Show trick name
[0744.86] Log: [TRICKNAME] 672.819031 : Show trick name
[0746.86] Log: [TRICKNAME] 674.818665 : Hide trick name
[0767.94] Log: [TRICKNAME] 695.888062 : Show trick name
[0768.93] Log: [TRICKNAME] 696.878418 : Show trick name
[0770.93] Log: [TRICKNAME] 698.884521 : Hide trick name
[0771.97] Log: [TRICKNAME] 699.922729 : Show trick name
[0772.96] Log: [TRICKNAME] 700.914856 : Show trick name
[0773.97] Log: [TRICKNAME] 701.915894 : Show trick name
[0808.51] Log: [TRICKNAME] 736.462341 : Show trick name
[0809.51] Log: [TRICKNAME] 737.462219 : Show trick name
[0810.51] Log: [TRICKNAME] 738.463257 : Show trick name
[0812.52] Log: [TRICKNAME] 740.467224 : Hide trick name
[0829.16] Log: [TRICKNAME] 757.109619 : Show trick name
[0830.16] Log: [TRICKNAME] 758.107422 : Show trick name
[0831.96] Log: [TRICKNAME] 759.905945 : Show trick name
[0832.97] Log: [TRICKNAME] 760.912598 : Show trick name
[0834.97] Log: [TRICKNAME] 762.914917 : Hide trick name
[0847.08] Log: [TRICKNAME] 775.028320 : Show trick name
[0848.07] Log: [TRICKNAME] 776.019470 : Show trick name
[0849.08] Log: [TRICKNAME] 777.025452 : Show trick name
[0850.08] Log: [TRICKNAME] 778.029846 : Show trick name
[0852.09] Log: [TRICKNAME] 780.032104 : Hide trick name
[0895.80] Log: [TRICKNAME] 823.742126 : Show trick name
[0896.80] Log: [TRICKNAME] 824.737610 : Show trick name
[0898.80] Log: [TRICKNAME] 826.742065 : Hide trick name
[0906.16] Log: [TRICKNAME] 834.106689 : Show trick name
[0907.16] Log: [TRICKNAME] 835.097534 : Show trick name
[0909.16] Log: [TRICKNAME] 837.097656 : Hide trick name
[0910.78] Log: [TRICKNAME] 838.723083 : Show trick name
[0911.78] Log: [TRICKNAME] 839.723938 : Show trick name
[0912.85] Log: [TRICKNAME] 840.789124 : Show trick name
[0913.86] Log: [TRICKNAME] 841.797546 : Show trick name
[0914.86] Log: [TRICKNAME] 842.797363 : Show trick name
[0915.86] Log: [TRICKNAME] 843.799927 : Show trick name
[0917.86] Log: [TRICKNAME] 845.802917 : Hide trick name
[0927.57] Log: [TRICKNAME] 855.511963 : Show trick name
[0928.56] Log: [TRICKNAME] 856.504028 : Show trick name
[0929.56] Log: [TRICKNAME] 857.503906 : Show trick name
[0930.56] Log: [TRICKNAME] 858.503662 : Show trick name
[0932.57] Log: [TRICKNAME] 860.508667 : Hide trick name
[0937.63] Log: [TRICKNAME] 865.571289 : Show trick name
[0938.63] Log: [TRICKNAME] 866.566467 : Show trick name
[0940.63] Log: [TRICKNAME] 868.568481 : Hide trick name
[0957.38] Log: [TRICKNAME] 885.316711 : Show trick name
[0958.37] Log: [TRICKNAME] 886.308838 : Show trick name
[0959.37] Log: [TRICKNAME] 887.308716 : Show trick name
[0960.37] Log: [TRICKNAME] 888.308716 : Show trick name
[0962.38] Log: [TRICKNAME] 890.318054 : Hide trick name
[0983.03] Log: [TRICKNAME] 910.965027 : Show trick name
[0984.03] Log: [TRICKNAME] 911.963623 : Show trick name
[0986.04] Log: [TRICKNAME] 913.970520 : Hide trick name
[0995.53] Log: [TRICKNAME] 923.467285 : Show trick name
[0996.53] Log: [TRICKNAME] 924.466980 : Show trick name
[0998.54] Log: [TRICKNAME] 926.474121 : Hide trick name
[1007.48] Log: [TRICKNAME] 935.416199 : Show trick name
[1008.48] Log: [TRICKNAME] 936.408264 : Show trick name
[1010.48] Log: [TRICKNAME] 938.412537 : Hide trick name
[1015.62] Log: [TRICKNAME] 943.548828 : Show trick name
[1016.62] Log: [TRICKNAME] 944.548523 : Show trick name
[1018.62] Log: [TRICKNAME] 946.552185 : Hide trick name
[1022.01] Log: [TRICKNAME] 949.939636 : Show trick name
[1023.00] Log: [TRICKNAME] 950.935791 : Show trick name
[1024.01] Log: [TRICKNAME] 951.942139 : Show trick name
[1025.02] Log: [TRICKNAME] 952.951538 : Show trick name
[1026.02] Log: [TRICKNAME] 953.954163 : Show trick name
[1027.02] Log: [TRICKNAME] 954.956543 : Show trick name
[1028.03] Log: [TRICKNAME] 955.960876 : Show trick name
[1029.03] Log: [TRICKNAME] 956.965027 : Show trick name
[1030.03] Log: [TRICKNAME] 957.965942 : Show trick name
[1031.04] Log: [TRICKNAME] 958.970581 : Show trick name
[1032.04] Log: [TRICKNAME] 959.975281 : Show trick name
[1033.05] Log: [TRICKNAME] 960.980103 : Show trick name
[1035.05] Log: [TRICKNAME] 962.982666 : Hide trick name
[1086.79] Log: [TRICKNAME] 1014.715576 : Show trick name
[1087.78] Log: [TRICKNAME] 1015.711243 : Show trick name
[1089.78] Log: [TRICKNAME] 1017.711060 : Hide trick name
[1095.08] Log: [TRICKNAME] 1023.009216 : Show trick name
[1096.07] Log: [TRICKNAME] 1024.001343 : Show trick name
[1098.07] Log: [TRICKNAME] 1026.000977 : Hide trick name
[1099.80] Log: [TRICKNAME] 1027.731323 : Show trick name
[1100.80] Log: [TRICKNAME] 1028.730469 : Show trick name
[1102.81] Log: [TRICKNAME] 1030.733765 : Hide trick name
[1105.08] Log: [TRICKNAME] 1033.009155 : Show trick name
[1106.08] Log: [TRICKNAME] 1034.004639 : Show trick name
[1108.08] Log: [TRICKNAME] 1036.006470 : Hide trick name
[1136.59] Log: [TRICKNAME] 1064.506836 : Show trick name
[1137.58] Log: [TRICKNAME] 1065.498901 : Show trick name
[1138.58] Log: [TRICKNAME] 1066.502686 : Show trick name
[1139.59] Log: [TRICKNAME] 1067.507324 : Show trick name
[1140.59] Log: [TRICKNAME] 1068.508423 : Show trick name
[1141.59] Log: [TRICKNAME] 1069.509277 : Show trick name
[1143.59] Log: [TRICKNAME] 1071.510254 : Hide trick name
[1144.37] Log: [TRICKNAME] 1072.283081 : Show trick name
[1145.36] Log: [TRICKNAME] 1073.279297 : Show trick name
[1147.36] Log: [TRICKNAME] 1075.278809 : Hide trick name
[1158.21] Log: [TRICKNAME] 1086.122681 : Show trick name
[1159.20] Log: [TRICKNAME] 1087.118652 : Show trick name
[1161.20] Log: [TRICKNAME] 1089.118286 : Hide trick name
[1161.77] Log: [TRICKNAME] 1089.687378 : Show trick name
[1162.77] Log: [TRICKNAME] 1090.679443 : Show trick name
[1163.76] Log: [TRICKNAME] 1091.679199 : Show trick name
[1164.76] Log: [TRICKNAME] 1092.679077 : Show trick name
[1166.77] Log: [TRICKNAME] 1094.678833 : Hide trick name
[1166.90] Log: [TRICKNAME] 1094.817261 : Show trick name
[1167.90] Log: [TRICKNAME] 1095.809326 : Show trick name
[1168.90] Log: [TRICKNAME] 1096.809082 : Show trick name
[1169.90] Log: [TRICKNAME] 1097.808838 : Show trick name
[1170.90] Log: [TRICKNAME] 1098.810547 : Show trick name
[1171.90] Log: [TRICKNAME] 1099.812134 : Show trick name
[1173.90] Log: [TRICKNAME] 1101.812744 : Hide trick name
[1185.19] Log: [TRICKNAME] 1113.095581 : Show trick name
[1186.18] Log: [TRICKNAME] 1114.089722 : Show trick name
[1188.18] Log: [TRICKNAME] 1116.090454 : Hide trick name
[1217.00] Log: [TRICKNAME] 1144.912842 : Show trick name
[1217.99] Log: [TRICKNAME] 1145.904907 : Show trick name
[1218.99] Log: [TRICKNAME] 1146.904663 : Show trick name
[1219.99] Log: [TRICKNAME] 1147.904175 : Show trick name
[1220.99] Log: [TRICKNAME] 1148.905151 : Show trick name
[1222.00] Log: [TRICKNAME] 1149.906494 : Show trick name
[1223.00] Log: [TRICKNAME] 1150.911133 : Show trick name
[1224.00] Log: [TRICKNAME] 1151.914307 : Show trick name
[1226.01] Log: [TRICKNAME] 1153.920532 : Hide trick name
[1226.53] Log: [TRICKNAME] 1154.444458 : Show trick name
[1227.53] Log: [TRICKNAME] 1155.437500 : Show trick name
[1229.53] Log: [TRICKNAME] 1157.442993 : Hide trick name
[1234.23] Log: [TRICKNAME] 1162.136719 : Show trick name
[1235.22] Log: [TRICKNAME] 1163.128784 : Show trick name
[1237.22] Log: [TRICKNAME] 1165.128296 : Hide trick name
[1245.54] Log: [TRICKNAME] 1173.445801 : Show trick name
[1246.54] Log: [TRICKNAME] 1174.444092 : Show trick name
[1248.54] Log: [TRICKNAME] 1176.447021 : Hide trick name
[1250.70] Log: [TRICKNAME] 1178.607422 : Show trick name
[1251.69] Log: [TRICKNAME] 1179.599731 : Show trick name
[1253.69] Log: [TRICKNAME] 1181.599365 : Hide trick name
[1268.86] Log: [TRICKNAME] 1196.767212 : Show trick name
[1269.86] Log: [TRICKNAME] 1197.767456 : Show trick name
[1271.87] Log: [TRICKNAME] 1199.772949 : Hide trick name
[1284.98] Log: [TRICKNAME] 1212.885986 : Show trick name
[1285.98] Log: [TRICKNAME] 1213.880249 : Show trick name
[1287.98] Log: [TRICKNAME] 1215.881836 : Hide trick name
[1453.84] Log: [TRICKNAME] 1381.731689 : Show trick name
[1454.84] Log: [TRICKNAME] 1382.731079 : Show trick name
[1456.84] Log: [TRICKNAME] 1384.736206 : Hide trick name
[1464.67] Log: [TRICKNAME] 1392.560669 : Show trick name
[1465.66] Log: [TRICKNAME] 1393.552856 : Show trick name
[1466.66] Log: [TRICKNAME] 1394.552734 : Show trick name
[1467.66] Log: [TRICKNAME] 1395.552490 : Show trick name
[1468.66] Log: [TRICKNAME] 1396.552246 : Show trick name
[1469.67] Log: [TRICKNAME] 1397.554565 : Show trick name
[1471.67] Log: [TRICKNAME] 1399.554199 : Hide trick name
[1521.01] Log: [TRICKNAME] 1448.887817 : Show trick name
[1522.00] Log: [TRICKNAME] 1449.881470 : Show trick name
[1524.01] Log: [TRICKNAME] 1451.887207 : Hide trick name
[1524.51] Log: [TRICKNAME] 1452.395142 : Show trick name
[1525.51] Log: [TRICKNAME] 1453.388672 : Show trick name
[1527.51] Log: [TRICKNAME] 1455.388794 : Hide trick name
[1539.24] Log: [TRICKNAME] 1467.123047 : Show trick name
[1540.24] Log: [TRICKNAME] 1468.119873 : Show trick name
[1542.25] Log: [TRICKNAME] 1470.123535 : Hide trick name
[1547.41] Log: [TRICKNAME] 1475.282227 : Show trick name
[1548.40] Log: [TRICKNAME] 1476.280151 : Show trick name
[1550.41] Log: [TRICKNAME] 1478.286621 : Hide trick name
[1550.44] Log: [TRICKNAME] 1478.312500 : Show trick name
[1551.43] Log: [TRICKNAME] 1479.305786 : Show trick name
[1553.44] Log: [TRICKNAME] 1481.311646 : Hide trick name
[1557.44] Log: [TRICKNAME] 1485.311890 : Show trick name
[1558.43] Log: [TRICKNAME] 1486.303955 : Show trick name
[1559.43] Log: [TRICKNAME] 1487.303711 : Show trick name
[1560.43] Log: [TRICKNAME] 1488.306763 : Show trick name
[1562.44] Log: [TRICKNAME] 1490.308594 : Hide trick name
[1600.90] Log: [TRICKNAME] 1528.761353 : Show trick name
[1601.89] Log: [TRICKNAME] 1529.753418 : Show trick name
[1602.89] Log: [TRICKNAME] 1530.753174 : Show trick name
[1603.89] Log: [TRICKNAME] 1531.752930 : Show trick name
[1605.90] Log: [TRICKNAME] 1533.761597 : Hide trick name
[1607.34] Log: [TRICKNAME] 1535.202393 : Show trick name
[1608.34] Log: [TRICKNAME] 1536.201660 : Show trick name
[1609.35] Log: [TRICKNAME] 1537.207520 : Show trick name
[1610.35] Log: [TRICKNAME] 1538.207520 : Show trick name
[1612.35] Log: [TRICKNAME] 1540.209106 : Hide trick name
[1613.60] Log: [TRICKNAME] 1541.461060 : Show trick name
[1614.59] Log: [TRICKNAME] 1542.452393 : Show trick name
[1616.60] Log: [TRICKNAME] 1544.454468 : Hide trick name
[1616.98] Log: [TRICKNAME] 1544.842041 : Show trick name
[1617.98] Log: [TRICKNAME] 1545.835327 : Show trick name
[1618.98] Log: [TRICKNAME] 1546.835083 : Show trick name
[1619.98] Log: [TRICKNAME] 1547.834839 : Show trick name
[1621.98] Log: [TRICKNAME] 1549.835327 : Hide trick name
[1626.09] Log: [TRICKNAME] 1553.951050 : Show trick name
[1627.09] Log: [TRICKNAME] 1554.943115 : Show trick name
[1629.06] Log: [TRICKNAME] 1556.919556 : Show trick name
[1630.06] Log: [TRICKNAME] 1557.919312 : Show trick name
[1632.06] Log: [TRICKNAME] 1559.918823 : Hide trick name
[1632.39] Log: [TRICKNAME] 1560.241821 : Show trick name
[1633.38] Log: [TRICKNAME] 1561.236694 : Show trick name
[1635.39] Log: [TRICKNAME] 1563.242310 : Hide trick name
[1651.45] Log: [TRICKNAME] 1579.300537 : Show trick name
[1652.44] Log: [TRICKNAME] 1580.291260 : Show trick name
[1654.44] Log: [TRICKNAME] 1582.291504 : Hide trick name
[1808.42] Log: [TRICKNAME] 1736.232666 : Show trick name
[1809.41] Log: [TRICKNAME] 1737.225952 : Show trick name
[1811.42] Log: [TRICKNAME] 1739.231445 : Hide trick name
[1999.16] Log: [TRICKNAME] 50.164188 : Show trick name
[2000.16] Log: [TRICKNAME] 51.164238 : Show trick name
[2000.65] Log: Command not recognized
[2002.16] Log: [TRICKNAME] 53.164848 : Hide trick name
[2002.29] Log: [TRICKNAME] 53.297916 : Show trick name
[2003.29] Log: [TRICKNAME] 54.293461 : Show trick name
[2004.51] Log: [TRICKNAME] 55.509850 : Show trick name
[2006.98] Log: [TRICKNAME] 57.983063 : Show trick name
[2007.98] Log: [TRICKNAME] 58.983837 : Show trick name
[2008.99] Log: [TRICKNAME] 59.990250 : Show trick name
[2009.99] Log: [TRICKNAME] 60.990646 : Show trick name
[2010.99] Log: [TRICKNAME] 61.991066 : Show trick name
[2011.99] Log: [TRICKNAME] 62.991318 : Show trick name
[2013.99] Log: [TRICKNAME] 64.992081 : Hide trick name
[2042.61] Log: [TRICKNAME] 93.607185 : Show trick name
[2044.13] Log: [TRICKNAME] 95.130020 : Show trick name
[2045.70] Log: [TRICKNAME] 96.702286 : Show trick name
[2048.24] Log: [TRICKNAME] 99.243370 : Hide trick name
[2065.36] Log: [TRICKNAME] 116.350883 : Show trick name
[2067.35] Log: [TRICKNAME] 118.349327 : Hide trick name
[2071.40] Log: [TRICKNAME] 122.394371 : Show trick name
[2072.82] Log: [TRICKNAME] 123.818077 : Show trick name
[2074.42] Log: [TRICKNAME] 125.414078 : Show trick name
[2075.43] Log: [TRICKNAME] 126.419823 : Show trick name
[2076.43] Log: [TRICKNAME] 127.420502 : Show trick name
[2078.43] Log: [TRICKNAME] 129.420105 : Hide trick name
[2096.04] Log: [TRICKNAME] 147.031693 : Show trick name
[2097.77] Log: [TRICKNAME] 148.759644 : Show trick name
[2098.77] Log: [TRICKNAME] 149.759445 : Show trick name
[2100.77] Log: [TRICKNAME] 151.763107 : Hide trick name
[2102.97] Log: [TRICKNAME] 153.956131 : Show trick name
[2104.96] Log: [TRICKNAME] 155.947495 : Hide trick name
[2106.24] Log: [TRICKNAME] 157.225311 : Show trick name
[2108.92] Log: [TRICKNAME] 159.906586 : Show trick name
[2109.92] Log: [TRICKNAME] 160.909790 : Show trick name
[2111.93] Log: [TRICKNAME] 162.916718 : Hide trick name
[2143.32] Log: [TRICKNAME] 194.306870 : Show trick name
[2145.32] Log: [TRICKNAME] 196.298965 : Hide trick name
[2154.80] Log: [TRICKNAME] 205.779709 : Show trick name
[2157.48] Log: [TRICKNAME] 208.465408 : Show trick name
[2158.49] Log: [TRICKNAME] 209.473175 : Show trick name
[2160.49] Log: [TRICKNAME] 211.476013 : Hide trick name
[2172.92] Log: [TRICKNAME] 223.895798 : Show trick name
[2174.91] Log: [TRICKNAME] 225.892349 : Hide trick name
[2178.98] Log: [TRICKNAME] 229.963913 : Show trick name
[2179.98] Log: [TRICKNAME] 230.959763 : Show trick name
[2180.98] Log: [TRICKNAME] 231.960327 : Show trick name
[2181.99] Log: [TRICKNAME] 232.965591 : Show trick name
[2183.99] Log: [TRICKNAME] 234.966690 : Hide trick name
[2187.22] Log: [TRICKNAME] 238.203552 : Show trick name
[2188.48] Log: [TRICKNAME] 239.457581 : Show trick name
[2190.29] Log: [TRICKNAME] 241.268387 : Show trick name
[2191.31] Log: [TRICKNAME] 242.284042 : Show trick name
[2193.31] Log: [TRICKNAME] 244.284073 : Hide trick name
[2210.65] Log: [TRICKNAME] 261.624756 : Show trick name
[2212.65] Log: [TRICKNAME] 263.619141 : Hide trick name
[2222.66] Log: [TRICKNAME] 273.636963 : Show trick name
[2224.65] Log: [TRICKNAME] 275.628448 : Hide trick name
[2229.56] Log: [TRICKNAME] 280.537689 : Show trick name
[2232.01] Log: [TRICKNAME] 282.987427 : Show trick name
[2233.01] Log: [TRICKNAME] 283.988373 : Show trick name
[2235.01] Log: [TRICKNAME] 285.988037 : Hide trick name
[2247.93] Log: [TRICKNAME] 298.896881 : Show trick name
[2249.92] Log: [TRICKNAME] 300.890167 : Hide trick name
[2254.69] Log: [TRICKNAME] 305.660156 : Show trick name
[2256.69] Log: [TRICKNAME] 307.656616 : Hide trick name
[2258.67] Log: [TRICKNAME] 309.637909 : Show trick name
[2259.66] Log: [TRICKNAME] 310.633545 : Show trick name
[2260.67] Log: [TRICKNAME] 311.637177 : Show trick name
[2261.67] Log: [TRICKNAME] 312.641876 : Show trick name
[2262.72] Log: [TRICKNAME] 313.693909 : Show trick name
[2265.36] Log: [TRICKNAME] 316.328033 : Show trick name
[2266.37] Log: [TRICKNAME] 317.337341 : Show trick name
[2268.38] Log: [TRICKNAME] 319.345520 : Hide trick name
[2302.29] Log: [TRICKNAME] 353.255829 : Show trick name
[2304.29] Log: [TRICKNAME] 355.250519 : Hide trick name
[2308.77] Log: [TRICKNAME] 359.734863 : Show trick name
[2310.22] Log: [TRICKNAME] 361.178650 : Show trick name
[2313.45] Log: [TRICKNAME] 364.412231 : Hide trick name
[2339.86] Log: [TRICKNAME] 390.813904 : Show trick name
[2341.85] Log: [TRICKNAME] 392.808075 : Hide trick name
[2343.18] Log: [TRICKNAME] 394.131470 : Show trick name
[2344.17] Log: [TRICKNAME] 395.123718 : Show trick name
[2346.17] Log: [TRICKNAME] 397.130188 : Hide trick name
[2347.84] Log: [TRICKNAME] 398.792755 : Show trick name
[2348.83] Log: [TRICKNAME] 399.787323 : Show trick name
[2350.84] Log: [TRICKNAME] 401.793915 : Hide trick name
[2379.66] Log: [TRICKNAME] 430.611298 : Show trick name
[2380.65] Log: [TRICKNAME] 431.605072 : Show trick name
[2382.66] Log: [TRICKNAME] 433.608673 : Hide trick name
[2412.10] Log: [TRICKNAME] 463.050354 : Show trick name
[2413.10] Log: [TRICKNAME] 464.048309 : Show trick name
[2415.11] Log: [TRICKNAME] 466.055023 : Hide trick name
[2415.20] Log: [TRICKNAME] 466.147308 : Show trick name
[2416.19] Log: [TRICKNAME] 467.139374 : Show trick name
[2417.19] Log: [TRICKNAME] 468.139191 : Show trick name
[2419.19] Log: [TRICKNAME] 470.138733 : Hide trick name
[2419.52] Log: [TRICKNAME] 470.469421 : Show trick name
[2421.07] Log: [TRICKNAME] 472.015320 : Show trick name
[2422.63] Log: [TRICKNAME] 473.569458 : Show trick name
[2430.44] Log: [TRICKNAME] 481.387939 : Show trick name
[2431.45] Log: [TRICKNAME] 482.391968 : Show trick name
[2433.46] Log: [TRICKNAME] 484.399231 : Hide trick name
[2445.71] Log: [TRICKNAME] 496.644958 : Show trick name
[2447.70] Log: [TRICKNAME] 498.637787 : Hide trick name
[2451.08] Log: [TRICKNAME] 502.014343 : Show trick name
[2453.07] Log: [TRICKNAME] 504.008331 : Hide trick name
[2459.20] Log: [TRICKNAME] 510.137787 : Show trick name
[2461.88] Log: [TRICKNAME] 512.816895 : Show trick name
[2462.89] Log: [TRICKNAME] 513.822144 : Show trick name
[2463.89] Log: [TRICKNAME] 514.823792 : Show trick name
[2465.89] Log: [TRICKNAME] 516.825378 : Hide trick name
[2480.36] Log: [TRICKNAME] 531.293091 : Show trick name
[2482.35] Log: [TRICKNAME] 533.284973 : Hide trick name
[2488.91] Log: [TRICKNAME] 539.841675 : Show trick name
[2490.67] Log: [TRICKNAME] 541.598389 : Show trick name
[2491.67] Log: [TRICKNAME] 542.601440 : Show trick name
[2492.67] Log: [TRICKNAME] 543.606323 : Show trick name
[2493.67] Log: [TRICKNAME] 544.606995 : Show trick name
[2495.19] Log: [TRICKNAME] 546.119751 : Show trick name
[2496.63] Log: [TRICKNAME] 547.562988 : Show trick name
[2497.63] Log: [TRICKNAME] 548.565735 : Show trick name
[2498.64] Log: [TRICKNAME] 549.570618 : Show trick name
[2499.64] Log: [TRICKNAME] 550.571411 : Show trick name
[2501.64] Log: [TRICKNAME] 552.576477 : Hide trick name
[2531.41] Log: [TRICKNAME] 582.340149 : Show trick name
[2532.43] Log: [TRICKNAME] 583.361084 : Show trick name
[2535.10] Log: [TRICKNAME] 586.031860 : Show trick name
[2537.10] Log: [TRICKNAME] 588.031372 : Hide trick name
[2559.69] Log: [TRICKNAME] 610.616943 : Show trick name
[2560.68] Log: [TRICKNAME] 611.613098 : Show trick name
[2561.69] Log: [TRICKNAME] 612.620789 : Show trick name
[2563.70] Log: [TRICKNAME] 614.629089 : Hide trick name
[2570.23] Log: [TRICKNAME] 621.164612 : Show trick name
[2571.23] Log: [TRICKNAME] 622.163818 : Show trick name
[2573.06] Log: [TRICKNAME] 623.991272 : Show trick name
[2574.93] Log: [TRICKNAME] 625.857605 : Show trick name
[2575.93] Log: [TRICKNAME] 626.861633 : Show trick name
[2577.93] Log: [TRICKNAME] 628.861206 : Hide trick name
[2614.39] Log: [TRICKNAME] 665.318237 : Show trick name
[2616.38] Log: [TRICKNAME] 667.310791 : Hide trick name
[2619.11] Log: [TRICKNAME] 670.032532 : Show trick name
[2622.19] Log: [TRICKNAME] 673.116577 : Hide trick name
[2660.39] Log: [TRICKNAME] 711.303162 : Show trick name
[2661.74] Log: [TRICKNAME] 712.661377 : Show trick name
[2662.75] Log: [TRICKNAME] 713.666382 : Show trick name
[2663.75] Log: [TRICKNAME] 714.672302 : Show trick name
[2666.44] Log: [TRICKNAME] 717.363098 : Show trick name
[2667.45] Log: [TRICKNAME] 718.365662 : Show trick name
[2668.45] Log: [TRICKNAME] 719.365417 : Show trick name
[2670.45] Log: [TRICKNAME] 721.364990 : Hide trick name
[2689.75] Log: [TRICKNAME] 740.658508 : Show trick name
[2691.45] Log: [TRICKNAME] 742.364807 : Show trick name
[2692.46] Log: [TRICKNAME] 743.368164 : Show trick name
[2694.46] Log: [TRICKNAME] 745.371582 : Hide trick name
[2695.36] Log: [TRICKNAME] 746.270325 : Show trick name
[2696.35] Log: [TRICKNAME] 747.266846 : Show trick name
[2697.36] Log: [TRICKNAME] 748.271606 : Show trick name
[2699.36] Log: [TRICKNAME] 750.273987 : Hide trick name
[2712.10] Log: [TRICKNAME] 763.011719 : Show trick name
[2714.49] Log: [TRICKNAME] 765.400696 : Show trick name
[2716.49] Log: [TRICKNAME] 767.400269 : Hide trick name
[2735.94] Log: [TRICKNAME] 786.841919 : Show trick name
[2736.93] Log: [TRICKNAME] 787.838867 : Show trick name
[2738.94] Log: [TRICKNAME] 789.850098 : Hide trick name
[2740.72] Log: [TRICKNAME] 791.625488 : Show trick name
[2741.71] Log: [TRICKNAME] 792.619446 : Show trick name
[2742.72] Log: [TRICKNAME] 793.627258 : Show trick name
[2744.72] Log: [TRICKNAME] 795.630310 : Hide trick name
[2768.10] Log: [TRICKNAME] 819.010010 : Show trick name
[2771.15] Log: [TRICKNAME] 822.054810 : Hide trick name
[2800.51] Log: [TRICKNAME] 851.410400 : Show trick name
[2802.50] Log: [TRICKNAME] 853.403931 : Hide trick name
[2803.14] Log: [TRICKNAME] 854.037109 : Show trick name
[2804.13] Log: [TRICKNAME] 855.032471 : Show trick name
[2806.13] Log: [TRICKNAME] 857.034119 : Hide trick name
[2809.74] Log: [TRICKNAME] 860.638184 : Show trick name
[2810.73] Log: [TRICKNAME] 861.630432 : Show trick name
[2812.07] Log: [TRICKNAME] 862.964905 : Show trick name
[2813.07] Log: [TRICKNAME] 863.967712 : Show trick name
[2815.07] Log: [TRICKNAME] 865.970337 : Hide trick name
[2838.98] Log: [TRICKNAME] 889.873596 : Show trick name
[2839.97] Log: [TRICKNAME] 890.865723 : Show trick name
[2841.97] Log: [TRICKNAME] 892.869873 : Hide trick name
[2851.10] Log: [TRICKNAME] 901.994019 : Show trick name
[2853.09] Log: [TRICKNAME] 903.988159 : Hide trick name
[3000.13] Log: [TRICKNAME] 25.906782 : Show trick name
[3001.13] Log: [TRICKNAME] 26.901756 : Show trick name
[3002.13] Log: [TRICKNAME] 27.906816 : Show trick name
[3003.14] Log: [TRICKNAME] 28.908321 : Show trick name
[3004.14] Log: [TRICKNAME] 29.913794 : Show trick name
[3005.14] Log: [TRICKNAME] 30.915367 : Show trick name
[3006.14] Log: [TRICKNAME] 31.916594 : Show trick name
[3007.15] Log: [TRICKNAME] 32.923634 : Show trick name
[3008.15] Log: [TRICKNAME] 33.924866 : Show trick name
[3009.16] Log: [TRICKNAME] 34.931252 : Show trick name
[3010.16] Log: [TRICKNAME] 35.934963 : Show trick name
[3011.17] Log: [TRICKNAME] 36.938217 : Show trick name
[3012.17] Log: [TRICKNAME] 37.938881 : Show trick name
[3013.17] Log: [TRICKNAME] 38.941364 : Show trick name
[3014.17] Log: [TRICKNAME] 39.944057 : Show trick name
[3015.18] Log: [TRICKNAME] 40.952751 : Show trick name
[3016.19] Log: [TRICKNAME] 41.960274 : Show trick name
[3017.19] Log: [TRICKNAME] 42.961197 : Show trick name
[3019.19] Log: [TRICKNAME] 44.966373 : Hide trick name
[3023.30] Log: [TRICKNAME] 49.069725 : Show trick name
[3024.29] Log: [TRICKNAME] 50.061359 : Show trick name
[3025.30] Log: [TRICKNAME] 51.069248 : Show trick name
[3026.30] Log: [TRICKNAME] 52.074184 : Show trick name
[3027.31] Log: [TRICKNAME] 53.084011 : Show trick name
[3031.04] Log: [TRICKNAME] 56.808090 : Hide trick name
[3040.21] Log: [TRICKNAME] 65.986198 : Show trick name
[3041.21] Log: [TRICKNAME] 66.986946 : Show trick name
[3042.22] Log: [TRICKNAME] 67.988487 : Show trick name
[3043.22] Log: [TRICKNAME] 68.992638 : Show trick name
[3044.23] Log: [TRICKNAME] 69.998024 : Show trick name
[3045.23] Log: [TRICKNAME] 70.998199 : Show trick name
[3046.23] Log: [TRICKNAME] 71.998184 : Show trick name
[3047.23] Log: [TRICKNAME] 72.998688 : Show trick name
[3048.23] Log: [TRICKNAME] 74.004341 : Show trick name
[3050.23] Log: [TRICKNAME] 76.004730 : Hide trick name
[3054.17] Log: [TRICKNAME] 79.945839 : Show trick name
[3055.17] Log: [TRICKNAME] 80.936676 : Show trick name
[3056.17] Log: [TRICKNAME] 81.938660 : Show trick name
[3057.18] Log: [TRICKNAME] 82.947708 : Show trick name
[3058.18] Log: [TRICKNAME] 83.952263 : Show trick name
[3059.18] Log: [TRICKNAME] 84.955040 : Show trick name
[3060.19] Log: [TRICKNAME] 85.961571 : Show trick name
[3061.20] Log: [TRICKNAME] 86.973396 : Show trick name
[3062.20] Log: [TRICKNAME] 87.974785 : Show trick name
[3063.21] Log: [TRICKNAME] 88.982529 : Show trick name
[3064.21] Log: [TRICKNAME] 89.985474 : Show trick name
[3066.23] Log: [TRICKNAME] 91.996750 : Hide trick name
[3067.57] Log: [TRICKNAME] 93.340149 : Show trick name
[3068.56] Log: [TRICKNAME] 94.328484 : Show trick name
[3069.56] Log: [TRICKNAME] 95.329193 : Show trick name
[3070.56] Log: [TRICKNAME] 96.335953 : Show trick name
[3072.57] Log: [TRICKNAME] 98.342987 : Hide trick name
[3073.60] Log: [TRICKNAME] 99.368103 : Show trick name
[3074.99] Log: [TRICKNAME] 100.758423 : Show trick name
[3075.99] Log: [TRICKNAME] 101.760864 : Show trick name
[3077.13] Log: [TRICKNAME] 102.904747 : Show trick name
[3078.14] Log: [TRICKNAME] 103.907318 : Show trick name
[3080.14] Log: [TRICKNAME] 105.913452 : Hide trick name
[3136.76] Log: [TRICKNAME] 162.526688 : Show trick name
[3137.75] Log: [TRICKNAME] 163.521011 : Show trick name
[3138.76] Log: [TRICKNAME] 164.524109 : Show trick name
[3140.20] Log: [TRICKNAME] 165.970703 : Show trick name
[3141.21] Log: [TRICKNAME] 166.976685 : Show trick name
[3142.21] Log: [TRICKNAME] 167.980118 : Show trick name
[3143.22] Log: [TRICKNAME] 168.987808 : Show trick name
[3144.22] Log: [TRICKNAME] 169.988525 : Show trick name
[3145.24] Log: [TRICKNAME] 171.003021 : Show trick name
[3147.03] Log: [TRICKNAME] 172.793686 : Show trick name
[3148.03] Log: [TRICKNAME] 173.797272 : Show trick name
[3149.03] Log: [TRICKNAME] 174.799988 : Show trick name
[3151.03] Log: [TRICKNAME] 176.802460 : Hide trick name
[3152.30] Log: [TRICKNAME] 178.066376 : Show trick name
[3153.30] Log: [TRICKNAME] 179.064636 : Show trick name
[3155.30] Log: [TRICKNAME] 181.071640 : Hide trick name
[3156.09] Log: [TRICKNAME] 181.859421 : Show trick name
[3157.08] Log: [TRICKNAME] 182.850250 : Show trick name
[3158.09] Log: [TRICKNAME] 183.858215 : Show trick name
[3160.09] Log: [TRICKNAME] 185.859238 : Hide trick name
[3173.98] Log: [TRICKNAME] 199.746292 : Show trick name
[3175.60] Log: [TRICKNAME] 201.371384 : Show trick name
[3176.61] Log: [TRICKNAME] 202.374161 : Show trick name
[3177.61] Log: [TRICKNAME] 203.380585 : Show trick name
[3178.62] Log: [TRICKNAME] 204.390396 : Show trick name
[3179.63] Log: [TRICKNAME] 205.399780 : Show trick name
[3180.63] Log: [TRICKNAME] 206.401917 : Show trick name
[3181.64] Log: [TRICKNAME] 207.408066 : Show trick name
[3182.64] Log: [TRICKNAME] 208.409302 : Show trick name
[3184.25] Log: [TRICKNAME] 210.021942 : Show trick name
[3186.26] Log: [TRICKNAME] 212.027115 : Hide trick name
[3200.25] Log: [TRICKNAME] 226.017944 : Show trick name
[3201.25] Log: [TRICKNAME] 227.016159 : Show trick name
[3202.25] Log: [TRICKNAME] 228.021484 : Show trick name
[3204.26] Log: [TRICKNAME] 230.025696 : Hide trick name
[3206.01] Log: [TRICKNAME] 231.776611 : Show trick name
[3208.00] Log: [TRICKNAME] 233.771805 : Hide trick name
[3208.11] Log: [TRICKNAME] 233.872574 : Show trick name
[3209.10] Log: [TRICKNAME] 234.867020 : Show trick name
[3211.10] Log: [TRICKNAME] 236.868103 : Hide trick name
[3211.41] Log: [TRICKNAME] 237.173874 : Show trick name
[3212.40] Log: [TRICKNAME] 238.166916 : Show trick name
[3213.41] Log: [TRICKNAME] 239.174377 : Show trick name
[3214.41] Log: [TRICKNAME] 240.176102 : Show trick name
[3216.41] Log: [TRICKNAME] 242.182632 : Hide trick name
[3217.23] Log: [TRICKNAME] 242.992249 : Show trick name
[3218.23] Log: [TRICKNAME] 243.992889 : Show trick name
[3220.23] Log: [TRICKNAME] 246.002121 : Hide trick name
[3221.94] Log: [TRICKNAME] 247.710007 : Show trick name
[3222.93] Log: [TRICKNAME] 248.698151 : Show trick name
[3224.93] Log: [TRICKNAME] 250.701630 : Hide trick name
[3230.88] Log: [TRICKNAME] 256.646790 : Show trick name
[3231.87] Log: [TRICKNAME] 257.639404 : Show trick name
[3233.88] Log: [TRICKNAME] 259.647644 : Hide trick name
[3236.29] Log: [TRICKNAME] 262.053772 : Show trick name
[3237.87] Log: [TRICKNAME] 263.637512 : Show trick name
[3238.90] Log: [TRICKNAME] 264.663849 : Show trick name
[3240.40] Log: [TRICKNAME] 266.166992 : Show trick name
[3241.41] Log: [TRICKNAME] 267.179016 : Show trick name
[3242.42] Log: [TRICKNAME] 268.188385 : Show trick name
[3243.43] Log: [TRICKNAME] 269.197723 : Show trick name
[3244.44] Log: [TRICKNAME] 270.203369 : Show trick name
[3245.44] Log: [TRICKNAME] 271.208954 : Show trick name
[3247.44] Log: [TRICKNAME] 273.210785 : Hide trick name
[3255.87] Log: [TRICKNAME] 281.634918 : Show trick name
[3256.86] Log: [TRICKNAME] 282.627014 : Show trick name
[3257.86] Log: [TRICKNAME] 283.629181 : Show trick name
[3259.86] Log: [TRICKNAME] 285.629913 : Hide trick name
[3292.18] Log: [TRICKNAME] 317.944794 : Show trick name
[3293.18] Log: [TRICKNAME] 318.936920 : Show trick name
[3294.18] Log: [TRICKNAME] 319.940979 : Show trick name
[3296.18] Log: [TRICKNAME] 321.943878 : Hide trick name
[3301.56] Log: [TRICKNAME] 327.321716 : Show trick name
[3302.56] Log: [TRICKNAME] 328.317291 : Show trick name
[3304.56] Log: [TRICKNAME] 330.322876 : Hide trick name
[3308.58] Log: [TRICKNAME] 334.342163 : Show trick name
[3309.58] Log: [TRICKNAME] 335.342194 : Show trick name
[3310.59] Log: [TRICKNAME] 336.350922 : Show trick name
[3312.44] Log: [TRICKNAME] 338.201904 : Show trick name
[3313.45] Log: [TRICKNAME] 339.206787 : Show trick name
[3315.45] Log: [TRICKNAME] 341.209869 : Hide trick name
[3338.04] Log: [TRICKNAME] 363.798706 : Show trick name
[3339.04] Log: [TRICKNAME] 364.794769 : Show trick name
[3340.04] Log: [TRICKNAME] 365.801788 : Show trick name
[3342.05] Log: [TRICKNAME] 367.804138 : Hide trick name
[3351.67] Log: [TRICKNAME] 377.430481 : Show trick name
[3352.67] Log: [TRICKNAME] 378.425598 : Show trick name
[3353.67] Log: [TRICKNAME] 379.427948 : Show trick name
[3355.67] Log: [TRICKNAME] 381.430908 : Hide trick name
[3356.23] Log: [TRICKNAME] 381.983978 : Show trick name
[3357.22] Log: [TRICKNAME] 382.976624 : Show trick name
[3359.22] Log: [TRICKNAME] 384.979767 : Hide trick name
[3361.80] Log: [TRICKNAME] 387.551605 : Show trick name
[3363.79] Log: [TRICKNAME] 389.548248 : Hide trick name
[3364.90] Log: [TRICKNAME] 390.659515 : Show trick name
[3365.89] Log: [TRICKNAME] 391.649719 : Show trick name
[3366.90] Log: [TRICKNAME] 392.656952 : Show trick name
[3367.91] Log: [TRICKNAME] 393.664551 : Show trick name
[3369.91] Log: [TRICKNAME] 395.668945 : Hide trick name
[3373.19] Log: [TRICKNAME] 398.950470 : Show trick name
[3375.19] Log: [TRICKNAME] 400.948486 : Hide trick name
[3376.54] Log: [TRICKNAME] 402.295380 : Show trick name
[3377.53] Log: [TRICKNAME] 403.289368 : Show trick name
[3378.54] Log: [TRICKNAME] 404.292755 : Show trick name
[3380.54] Log: [TRICKNAME] 406.299652 : Hide trick name
[3385.39] Log: [TRICKNAME] 411.150696 : Show trick name
[3386.38] Log: [TRICKNAME] 412.139832 : Show trick name
[3388.38] Log: [TRICKNAME] 414.140717 : Hide trick name
[3389.47] Log: [TRICKNAME] 415.224640 : Show trick name
[3390.90] Log: [TRICKNAME] 416.656403 : Show trick name
[3391.90] Log: [TRICKNAME] 417.659851 : Show trick name
[3392.91] Log: [TRICKNAME] 418.667084 : Show trick name
[3393.91] Log: [TRICKNAME] 419.667511 : Show trick name
[3395.91] Log: [TRICKNAME] 421.667450 : Hide trick name
[3396.03] Log: [TRICKNAME] 421.786530 : Show trick name
[3397.02] Log: [TRICKNAME] 422.774567 : Show trick name
[3399.02] Log: [TRICKNAME] 424.779755 : Hide trick name
[3403.78] Log: [TRICKNAME] 429.540375 : Show trick name
[3405.43] Log: [TRICKNAME] 431.189758 : Show trick name
[3406.44] Log: [TRICKNAME] 432.192841 : Show trick name
[3409.07] Log: [TRICKNAME] 434.821075 : Show trick name
[3411.07] Log: [TRICKNAME] 436.826813 : Hide trick name
[3416.63] Log: [TRICKNAME] 442.384399 : Show trick name
[3417.62] Log: [TRICKNAME] 443.376526 : Show trick name
[3418.62] Log: [TRICKNAME] 444.376282 : Show trick name
[3420.62] Log: [TRICKNAME] 446.375793 : Hide trick name
[3420.88] Log: [TRICKNAME] 446.637268 : Show trick name
[3421.88] Log: [TRICKNAME] 447.632629 : Show trick name
[3423.88] Log: [TRICKNAME] 449.636230 : Hide trick name
[3427.78] Log: [TRICKNAME] 453.529999 : Show trick name
[3428.77] Log: [TRICKNAME] 454.520294 : Show trick name
[3429.77] Log: [TRICKNAME] 455.522095 : Show trick name
[3430.77] Log: [TRICKNAME] 456.523590 : Show trick name
[3431.77] Log: [TRICKNAME] 457.527496 : Show trick name
[3432.78] Log: [TRICKNAME] 458.529846 : Show trick name
[3433.78] Log: [TRICKNAME] 459.530640 : Show trick name
[3435.79] Log: [TRICKNAME] 461.540253 : Hide trick name
[3441.33] Log: [TRICKNAME] 467.080902 : Show trick name
[3442.32] Log: [TRICKNAME] 468.074036 : Show trick name
[3443.33] Log: [TRICKNAME] 469.083649 : Show trick name
[3444.34] Log: [TRICKNAME] 470.089142 : Show trick name
[3445.34] Log: [TRICKNAME] 471.092133 : Show trick name
[3446.34] Log: [TRICKNAME] 472.094360 : Show trick name
[3447.35] Log: [TRICKNAME] 473.099579 : Show trick name
[3448.82] Log: [TRICKNAME] 474.573883 : Show trick name
[3449.83] Log: [TRICKNAME] 475.578888 : Show trick name
[3450.83] Log: [TRICKNAME] 476.578644 : Show trick name
[3451.83] Log: [TRICKNAME] 477.578400 : Show trick name
[3452.83] Log: [TRICKNAME] 478.578156 : Show trick name
[3453.83] Log: [TRICKNAME] 479.577942 : Show trick name
[3454.83] Log: [TRICKNAME] 480.577698 : Show trick name
[3456.83] Log: [TRICKNAME] 482.577271 : Hide trick name
[3473.34] Log: [TRICKNAME] 499.087341 : Show trick name
[3474.33] Log: [TRICKNAME] 500.077972 : Show trick name
[3475.34] Log: [TRICKNAME] 501.086182 : Show trick name
[3476.35] Log: [TRICKNAME] 502.095215 : Show trick name
[3477.35] Log: [TRICKNAME] 503.097198 : Show trick name
[3478.36] Log: [TRICKNAME] 504.104248 : Show trick name
[3479.36] Log: [TRICKNAME] 505.104828 : Show trick name
[3481.37] Log: [TRICKNAME] 507.112793 : Hide trick name
[3487.53] Log: [TRICKNAME] 513.271790 : Show trick name
[3489.52] Log: [TRICKNAME] 515.270447 : Hide trick name
[3514.65] Log: [TRICKNAME] 540.398071 : Show trick name
[3515.64] Log: [TRICKNAME] 541.391785 : Show trick name
[3516.65] Log: [TRICKNAME] 542.400940 : Show trick name
[3518.66] Log: [TRICKNAME] 544.404480 : Hide trick name
[3531.26] Log: [TRICKNAME] 557.013000 : Show trick name
[3532.26] Log: [TRICKNAME] 558.012695 : Show trick name
[3533.27] Log: [TRICKNAME] 559.014648 : Show trick name
[3535.28] Log: [TRICKNAME] 561.023743 : Hide trick name
[3541.85] Log: [TRICKNAME] 567.592957 : Show trick name
[3543.85] Log: [TRICKNAME] 569.592041 : Hide trick name
[3555.36] Log: [TRICKNAME] 581.105042 : Show trick name
[3556.36] Log: [TRICKNAME] 582.105591 : Show trick name
[3557.36] Log: [TRICKNAME] 583.106262 : Show trick name
[3559.37] Log: [TRICKNAME] 585.114502 : Hide trick name
[3561.90] Log: [TRICKNAME] 587.649292 : Show trick name
[3562.90] Log: [TRICKNAME] 588.643921 : Show trick name
[3563.91] Log: [TRICKNAME] 589.654541 : Show trick name
[3564.91] Log: [TRICKNAME] 590.660400 : Show trick name
[3565.91] Log: [TRICKNAME] 591.660278 : Show trick name
[3566.92] Log: [TRICKNAME] 592.662659 : Show trick name
[3568.92] Log: [TRICKNAME] 594.670105 : Hide trick name
[3571.63] Log: [TRICKNAME] 597.375732 : Show trick name
[3572.63] Log: [TRICKNAME] 598.375000 : Show trick name
[3573.64] Log: [TRICKNAME] 599.383911 : Show trick name
[3575.26] Log: [TRICKNAME] 601.008118 : Show trick name
[3576.27] Log: [TRICKNAME] 602.018738 : Show trick name
[3577.28] Log: [TRICKNAME] 603.029602 : Show trick name
[3578.29] Log: [TRICKNAME] 604.036926 : Show trick name
[3580.30] Log: [TRICKNAME] 606.046021 : Hide trick name
[3581.81] Log: [TRICKNAME] 607.553284 : Show trick name
[3583.80] Log: [TRICKNAME] 609.546021 : Hide trick name
[3592.10] Log: [TRICKNAME] 617.846741 : Show trick name
[3593.10] Log: [TRICKNAME] 618.840027 : Show trick name
[3594.10] Log: [TRICKNAME] 619.843872 : Show trick name
[3595.11] Log: [TRICKNAME] 620.852478 : Show trick name
[3596.11] Log: [TRICKNAME] 621.859009 : Show trick name
[3598.12] Log: [TRICKNAME] 623.861572 : Hide trick name
[3599.60] Log: [TRICKNAME] 625.342651 : Show trick name
[3601.60] Log: [TRICKNAME] 627.340942 : Hide trick name
[3601.72] Log: [TRICKNAME] 627.467651 : Show trick name
[3602.71] Log: [TRICKNAME] 628.460083 : Show trick name
[3603.72] Log: [TRICKNAME] 629.462524 : Show trick name
[3604.72] Log: [TRICKNAME] 630.465881 : Show trick name
[3605.72] Log: [TRICKNAME] 631.467163 : Show trick name
[3606.73] Log: [TRICKNAME] 632.476013 : Show trick name
[3607.74] Log: [TRICKNAME] 633.483582 : Show trick name
[3609.75] Log: [TRICKNAME] 635.491638 : Hide trick name
[3609.93] Log: [TRICKNAME] 635.676880 : Show trick name
[3610.93] Log: [TRICKNAME] 636.671692 : Show trick name
[3612.93] Log: [TRICKNAME] 638.679932 : Hide trick name
[3620.24] Log: [TRICKNAME] 645.978333 : Show trick name
[3621.23] Log: [TRICKNAME] 646.970520 : Show trick name
[3622.23] Log: [TRICKNAME] 647.970276 : Show trick name
[3623.23] Log: [TRICKNAME] 648.975708 : Show trick name
[3624.24] Log: [TRICKNAME] 649.978333 : Show trick name
[3625.24] Log: [TRICKNAME] 650.986023 : Show trick name
[3627.25] Log: [TRICKNAME] 652.987305 : Hide trick name
[3628.46] Log: [TRICKNAME] 654.203552 : Show trick name
[3629.45] Log: [TRICKNAME] 655.194214 : Show trick name
[3630.45] Log: [TRICKNAME] 656.196777 : Show trick name
[3632.46] Log: [TRICKNAME] 658.200317 : Hide trick name
[3638.21] Log: [TRICKNAME] 663.947876 : Show trick name
[3639.20] Log: [TRICKNAME] 664.944458 : Show trick name
[3640.21] Log: [TRICKNAME] 665.946167 : Show trick name
[3642.21] Log: [TRICKNAME] 667.953247 : Hide trick name
[3646.78] Log: [TRICKNAME] 672.516846 : Show trick name
[3647.77] Log: [TRICKNAME] 673.510620 : Show trick name
[3649.77] Log: [TRICKNAME] 675.516052 : Hide trick name
[3652.33] Log: [TRICKNAME] 678.072693 : Show trick name
[3654.33] Log: [TRICKNAME] 680.066895 : Hide trick name
[3657.52] Log: [TRICKNAME] 683.257202 : Show trick name
[3658.51] Log: [TRICKNAME] 684.250000 : Show trick name
[3660.52] Log: [TRICKNAME] 686.257446 : Hide trick name
[3662.42] Log: [TRICKNAME] 688.155945 : Show trick name
[3663.41] Log: [TRICKNAME] 689.154541 : Show trick name
[3664.41] Log: [TRICKNAME] 690.154297 : Show trick name
[3665.41] Log: [TRICKNAME] 691.154053 : Show trick name
[3666.42] Log: [TRICKNAME] 692.153809 : Show trick name
[3667.41] Log: [TRICKNAME] 693.153564 : Show trick name
[3668.41] Log: [TRICKNAME] 694.153320 : Show trick name
[3670.42] Log: [TRICKNAME] 696.152832 : Hide trick name
[3842.22] Log: [TRICKNAME] 867.911987 : Show trick name
[3844.21] Log: [TRICKNAME] 869.902222 : Hide trick name
[3865.96] Log: [TRICKNAME] 891.650269 : Show trick name
[3866.96] Log: [TRICKNAME] 892.648682 : Show trick name
[3867.96] Log: [TRICKNAME] 893.653259 : Show trick name
[3868.97] Log: [TRICKNAME] 894.658813 : Show trick name
[3869.97] Log: [TRICKNAME] 895.663818 : Show trick name
[3870.98] Log: [TRICKNAME] 896.673218 : Show trick name
[3871.98] Log: [TRICKNAME] 897.679504 : Show trick name
[3872.99] Log: [TRICKNAME] 898.687805 : Show trick name
[3874.00] Log: [TRICKNAME] 899.689392 : Show trick name
[3875.00] Log: [TRICKNAME] 900.690674 : Show trick name
[3877.00] Log: [TRICKNAME] 902.691284 : Hide trick name
[3877.03] Log: [TRICKNAME] 902.725525 : Show trick name
[3878.03] Log: [TRICKNAME] 903.722046 : Show trick name
[3879.04] Log: [TRICKNAME] 904.730713 : Show trick name
[3880.04] Log: [TRICKNAME] 905.737732 : Show trick name
[3882.05] Log: [TRICKNAME] 907.747803 : Hide trick name
[3884.14] Log: [TRICKNAME] 909.832581 : Show trick name
[3885.14] Log: [TRICKNAME] 910.831787 : Show trick name
[3887.14] Log: [TRICKNAME] 912.836853 : Hide trick name
[3898.21] Log: [TRICKNAME] 923.906250 : Show trick name
[3900.20] Log: [TRICKNAME] 925.896851 : Hide trick name
[3900.62] Log: [TRICKNAME] 926.308594 : Show trick name
[3901.61] Log: [TRICKNAME] 927.305847 : Show trick name
[3902.62] Log: [TRICKNAME] 928.314758 : Show trick name
[3903.63] Log: [TRICKNAME] 929.323547 : Show trick name
[3904.63] Log: [TRICKNAME] 930.326172 : Show trick name
[3905.64] Log: [TRICKNAME] 931.328552 : Show trick name
[3906.64] Log: [TRICKNAME] 932.334106 : Show trick name
[3907.64] Log: [TRICKNAME] 933.333862 : Show trick name
[3908.64] Log: [TRICKNAME] 934.336609 : Show trick name
[3910.65] Log: [TRICKNAME] 936.338928 : Hide trick name
[4153.22] Log: [TRICKNAME] 81.986588 : Show trick name
[4154.22] Log: [TRICKNAME] 82.981277 : Show trick name
[4156.22] Log: [TRICKNAME] 84.983955 : Hide trick name
[4170.07] Log: [TRICKNAME] 98.834969 : Show trick name
[4172.07] Log: [TRICKNAME] 100.832916 : Hide trick name
[4177.54] Log: [TRICKNAME] 106.303780 : Show trick name
[4180.22] Log: [TRICKNAME] 108.980225 : Show trick name
[4181.22] Log: [TRICKNAME] 109.980682 : Show trick name
[4182.22] Log: [TRICKNAME] 110.981850 : Show trick name
[4183.22] Log: [TRICKNAME] 111.981636 : Show trick name
[4185.22] Log: [TRICKNAME] 113.984238 : Hide trick name
[4220.05] Log: [TRICKNAME] 148.804672 : Show trick name
[4221.05] Log: [TRICKNAME] 149.803909 : Show trick name
[4222.06] Log: [TRICKNAME] 150.811432 : Show trick name
[4224.17] Log: [TRICKNAME] 152.925140 : Show trick name
[4225.17] Log: [TRICKNAME] 153.924911 : Show trick name
[4226.18] Log: [TRICKNAME] 154.931580 : Show trick name
[4227.18] Log: [TRICKNAME] 155.933090 : Show trick name
[4228.18] Log: [TRICKNAME] 156.932877 : Show trick name
[4230.18] Log: [TRICKNAME] 158.932556 : Hide trick name
[4269.89] Log: [TRICKNAME] 198.627167 : Show trick name
[4270.87] Log: [TRICKNAME] 199.615234 : Show trick name
[4272.88] Log: [TRICKNAME] 201.620575 : Show trick name
[4273.94] Log: [TRICKNAME] 202.682556 : Show trick name
[4275.94] Log: [TRICKNAME] 204.682922 : Hide trick name
[4308.38] Log: [TRICKNAME] 237.111237 : Show trick name
[4309.37] Log: [TRICKNAME] 238.103317 : Show trick name
[4311.37] Log: [TRICKNAME] 240.103073 : Hide trick name
[4323.66] Log: [TRICKNAME] 252.398590 : Show trick name
[4324.66] Log: [TRICKNAME] 253.396194 : Show trick name
[4326.66] Log: [TRICKNAME] 255.396515 : Hide trick name
[4330.43] Log: [TRICKNAME] 259.166748 : Show trick name
[4332.43] Log: [TRICKNAME] 261.166870 : Hide trick name
[4332.59] Log: [TRICKNAME] 261.320282 : Show trick name
[4335.26] Log: [TRICKNAME] 263.994507 : Show trick name
[4337.26] Log: [TRICKNAME] 265.996033 : Hide trick name
[4376.31] Log: [TRICKNAME] 305.031433 : Show trick name
[4378.30] Log: [TRICKNAME] 307.027588 : Hide trick name
[4383.44] Log: [TRICKNAME] 312.166107 : Show trick name
[4385.44] Log: [TRICKNAME] 314.163269 : Hide trick name
[4389.09] Log: [TRICKNAME] 317.809540 : Show trick name
[4391.08] Log: [TRICKNAME] 319.801117 : Hide trick name
[4396.74] Log: [TRICKNAME] 325.460876 : Show trick name
[4398.07] Log: [TRICKNAME] 326.788757 : Show trick name
[4400.28] Log: [TRICKNAME] 328.998627 : Show trick name
[4401.32] Log: [TRICKNAME] 330.044525 : Show trick name
[4403.32] Log: [TRICKNAME] 332.044098 : Hide trick name
[4552.19] Log: [TRICKNAME] 123.852715 : Show trick name
[4553.44] Log: [TRICKNAME] 125.098488 : Show trick name
[4555.77] Log: [TRICKNAME] 127.432442 : Hide trick name
[4567.43] Log: [TRICKNAME] 139.087112 : Show trick name
[4568.42] Log: [TRICKNAME] 140.082809 : Show trick name
[4570.42] Log: [TRICKNAME] 142.083084 : Hide trick name
[4570.43] Log: [TRICKNAME] 142.090775 : Show trick name
[4572.43] Log: [TRICKNAME] 144.087570 : Hide trick name
[4578.16] Log: [TRICKNAME] 149.816315 : Show trick name
[4579.15] Log: [TRICKNAME] 150.809769 : Show trick name
[4581.16] Log: [TRICKNAME] 152.816345 : Hide trick name
[4582.13] Log: [TRICKNAME] 153.789917 : Show trick name
[4584.47] Log: [TRICKNAME] 156.131180 : Hide trick name
[4586.47] Log: [TRICKNAME] 158.129868 : Show trick name
[4587.47] Log: [TRICKNAME] 159.122696 : Show trick name
[4589.47] Log: [TRICKNAME] 161.122391 : Hide trick name
[4596.87] Log: [TRICKNAME] 168.527039 : Show trick name
[4598.87] Log: [TRICKNAME] 170.518921 : Hide trick name
[4600.40] Log: [TRICKNAME] 172.050186 : Show trick name
[4602.72] Log: [TRICKNAME] 174.371338 : Hide trick name
[4617.10] Log: [TRICKNAME] 188.745590 : Show trick name
[4619.09] Log: [TRICKNAME] 190.742172 : Hide trick name
[4659.59] Log: [TRICKNAME] 231.224213 : Show trick name
[4660.58] Log: [TRICKNAME] 232.216309 : Show trick name
[4662.58] Log: [TRICKNAME] 234.215820 : Hide trick name
[4665.44] Log: [TRICKNAME] 237.076675 : Show trick name
[4666.43] Log: [TRICKNAME] 238.068741 : Show trick name
[4668.43] Log: [TRICKNAME] 240.068298 : Hide trick name
[4669.63] Log: [TRICKNAME] 241.260513 : Show trick name
[4671.62] Log: [TRICKNAME] 243.252335 : Hide trick name
[4680.11] Log: [TRICKNAME] 251.743530 : Show trick name
[4682.43] Log: [TRICKNAME] 254.059265 : Hide trick name
[4697.16] Log: [TRICKNAME] 268.789307 : Show trick name
[4699.16] Log: [TRICKNAME] 270.786255 : Hide trick name
[4702.41] Log: [TRICKNAME] 274.033752 : Show trick name
[4704.40] Log: [TRICKNAME] 276.025574 : Hide trick name
[4708.13] Log: [TRICKNAME] 279.755432 : Show trick name
[4709.38] Log: [TRICKNAME] 281.001434 : Show trick name
[4710.63] Log: [TRICKNAME] 282.254089 : Show trick name
[4712.84] Log: [TRICKNAME] 284.466400 : Hide trick name
[4720.94] Log: [TRICKNAME] 292.559204 : Show trick name
[4723.19] Log: [TRICKNAME] 294.813324 : Hide trick name
[4735.42] Log: [TRICKNAME] 307.035095 : Show trick name
[4737.61] Log: [TRICKNAME] 309.223206 : Hide trick name
[4740.11] Log: [TRICKNAME] 311.730286 : Show trick name
[4742.11] Log: [TRICKNAME] 313.726379 : Hide trick name
[4744.39] Log: [TRICKNAME] 316.009735 : Show trick name
[4746.65] Log: [TRICKNAME] 318.261017 : Hide trick name
[4756.30] Log: [TRICKNAME] 327.913879 : Show trick name
[4757.55] Log: [TRICKNAME] 329.158539 : Show trick name
[4759.64] Log: [TRICKNAME] 331.251404 : Hide trick name
[4761.02] Log: [TRICKNAME] 332.628052 : Show trick name
[4762.01] Log: [TRICKNAME] 333.620392 : Show trick name
[4764.01] Log: [TRICKNAME] 335.619934 : Hide trick name
[4765.65] Log: [TRICKNAME] 337.258179 : Show trick name
[4766.89] Log: [TRICKNAME] 338.502502 : Show trick name
[4767.94] Log: [TRICKNAME] 339.552673 : Show trick name
[4769.95] Log: [TRICKNAME] 341.554962 : Hide trick name
[4786.54] Log: [TRICKNAME] 358.148468 : Show trick name
[4788.54] Log: [TRICKNAME] 360.140350 : Hide trick name
[4798.61] Log: [TRICKNAME] 370.216431 : Show trick name
[4800.61] Log: [TRICKNAME] 372.213806 : Hide trick name
[4802.47] Log: [TRICKNAME] 374.069458 : Show trick name
[4804.46] Log: [TRICKNAME] 376.061279 : Hide trick name
[4814.55] Log: [TRICKNAME] 386.151581 : Show trick name
[4815.80] Log: [TRICKNAME] 387.395020 : Show trick name
[4817.05] Log: [TRICKNAME] 388.648224 : Show trick name
[4818.05] Log: [TRICKNAME] 389.652344 : Show trick name
[4820.05] Log: [TRICKNAME] 391.651855 : Hide trick name
[4821.31] Log: [TRICKNAME] 392.905396 : Show trick name
[4822.30] Log: [TRICKNAME] 393.897552 : Show trick name
[4824.30] Log: [TRICKNAME] 395.899963 : Hide trick name
[4827.93] Log: [TRICKNAME] 399.520996 : Show trick name
[4828.92] Log: [TRICKNAME] 400.513916 : Show trick name
[4829.92] Log: [TRICKNAME] 401.518585 : Show trick name
[4832.22] Log: [TRICKNAME] 403.812408 : Hide trick name
[4832.93] Log: [TRICKNAME] 404.520386 : Show trick name
[4835.00] Log: [TRICKNAME] 406.592651 : Hide trick name
[4837.55] Log: [TRICKNAME] 409.141449 : Show trick name
[4839.55] Log: [TRICKNAME] 411.139709 : Hide trick name
[4842.98] Log: [TRICKNAME] 414.572205 : Show trick name
[4844.97] Log: [TRICKNAME] 416.566925 : Hide trick name
[4846.32] Log: [TRICKNAME] 417.913910 : Show trick name
[4847.57] Log: [TRICKNAME] 419.158752 : Show trick name
[4848.68] Log: [TRICKNAME] 420.271515 : Show trick name
[4850.68] Log: [TRICKNAME] 422.271057 : Hide trick name
[4851.52] Log: [TRICKNAME] 423.106750 : Show trick name
[4852.76] Log: [TRICKNAME] 424.351074 : Show trick name
[4854.90] Log: [TRICKNAME] 426.490295 : Hide trick name
[4856.96] Log: [TRICKNAME] 428.545776 : Show trick name
[4857.95] Log: [TRICKNAME] 429.537842 : Show trick name
[4859.95] Log: [TRICKNAME] 431.542694 : Hide trick name
[4871.26] Log: [TRICKNAME] 442.843628 : Show trick name
[4872.50] Log: [TRICKNAME] 444.090302 : Show trick name
[4873.76] Log: [TRICKNAME] 445.347931 : Show trick name
[4874.85] Log: [TRICKNAME] 446.440155 : Show trick name
[4875.85] Log: [TRICKNAME] 447.439911 : Show trick name
[4876.85] Log: [TRICKNAME] 448.439667 : Show trick name
[4878.86] Log: [TRICKNAME] 450.442627 : Hide trick name
[4892.68] Log: [TRICKNAME] 464.261871 : Show trick name
[4894.67] Log: [TRICKNAME] 466.256317 : Hide trick name
[4920.97] Log: [TRICKNAME] 12.553679 : Show trick name
[4921.97] Log: [TRICKNAME] 13.552404 : Show trick name
[4922.98] Log: [TRICKNAME] 14.562449 : Show trick name
[4924.98] Log: [TRICKNAME] 16.564074 : Hide trick name
[4925.60] Log: [TRICKNAME] 17.181459 : Show trick name
[4926.59] Log: [TRICKNAME] 18.179079 : Show trick name
[4927.60] Log: [TRICKNAME] 19.184227 : Show trick name
[4928.62] Log: [TRICKNAME] 20.206009 : Show trick name
[4929.63] Log: [TRICKNAME] 21.214712 : Show trick name
[4930.63] Log: [TRICKNAME] 22.214819 : Show trick name
[4932.63] Log: [TRICKNAME] 24.218075 : Hide trick name
[4952.12] Log: [TRICKNAME] 43.700127 : Show trick name
[4953.11] Log: [TRICKNAME] 44.692715 : Show trick name
[4954.11] Log: [TRICKNAME] 45.693459 : Show trick name
[4955.11] Log: [TRICKNAME] 46.696960 : Show trick name
[4956.12] Log: [TRICKNAME] 47.704185 : Show trick name
[4957.13] Log: [TRICKNAME] 48.709721 : Show trick name
[4958.13] Log: [TRICKNAME] 49.716774 : Show trick name
[4960.14] Log: [TRICKNAME] 51.720867 : Hide trick name
[4960.16] Log: [TRICKNAME] 51.749268 : Show trick name
[4962.16] Log: [TRICKNAME] 53.743343 : Hide trick name
[4966.04] Log: [TRICKNAME] 57.622375 : Show trick name
[4967.03] Log: [TRICKNAME] 58.616913 : Show trick name
[4968.03] Log: [TRICKNAME] 59.617199 : Show trick name
[4970.04] Log: [TRICKNAME] 61.621693 : Hide trick name
[4970.32] Log: [TRICKNAME] 61.904186 : Show trick name
[4971.32] Log: [TRICKNAME] 62.902687 : Show trick name
[4972.33] Log: [TRICKNAME] 63.910282 : Show trick name
[4973.33] Log: [TRICKNAME] 64.911797 : Show trick name
[4974.33] Log: [TRICKNAME] 65.917183 : Show trick name
[4976.33] Log: [TRICKNAME] 67.918678 : Hide trick name
[4986.45] Log: [TRICKNAME] 78.034523 : Show trick name
[4987.45] Log: [TRICKNAME] 79.033669 : Show trick name
[4988.91] Log: [TRICKNAME] 80.490990 : Show trick name
[4989.91] Log: [TRICKNAME] 81.497749 : Show trick name
[4991.45] Log: [TRICKNAME] 83.030975 : Show trick name
[4992.46] Log: [TRICKNAME] 84.042725 : Show trick name
[4993.46] Log: [TRICKNAME] 85.044930 : Show trick name
[4994.47] Log: [TRICKNAME] 86.052399 : Show trick name
[4995.47] Log: [TRICKNAME] 87.053703 : Show trick name
[4996.48] Log: [TRICKNAME] 88.059158 : Show trick name
[4997.48] Log: [TRICKNAME] 89.066086 : Show trick name
[4998.49] Log: [TRICKNAME] 90.069626 : Show trick name
[5479.38] Log: Closing by request
[5479.88] Log: Log file closed, 06/02/16 23:14:37
