[0380.38] Log: Log file open, 05/16/16 21:50:18
[0380.38] Log: FLevelSaver: 393216 bytes
[0380.38] Log: m_ObjectDictionarySaver: 131072 bytes
[0380.38] Log: m_ObjectDictionary: 395520 bytes for 11321 items
[0380.38] Log: m_SavedObjects: 305344 bytes for 9541 items
[0547.77] Log: FLevelSaver: 393216 bytes
[0547.77] Log: m_ObjectDictionarySaver: 131072 bytes
[0547.77] Log: m_ObjectDictionary: 395520 bytes for 11298 items
[0547.77] Log: m_SavedObjects: 305344 bytes for 9518 items
[0675.70] Log: FLevelSaver: 393216 bytes
[0675.70] Log: m_ObjectDictionarySaver: 131072 bytes
[0675.70] Log: m_ObjectDictionary: 395520 bytes for 9281 items
[0675.70] Log: m_SavedObjects: 288960 bytes for 7599 items
[0705.54] Log: FLevelSaver: 393216 bytes
[0705.54] Log: m_ObjectDictionarySaver: 131072 bytes
[0705.54] Log: m_ObjectDictionary: 395520 bytes for 9126 items
[0705.54] Log: m_SavedObjects: 288960 bytes for 7442 items
[0821.55] Log: FLevelSaver: 393216 bytes
[0821.55] Log: m_ObjectDictionarySaver: 131072 bytes
[0821.55] Log: m_ObjectDictionary: 395520 bytes for 8308 items
[0821.55] Log: m_SavedObjects: 288960 bytes for 6540 items
[0835.27] Log: FLevelSaver: 393216 bytes
[0835.27] Log: m_ObjectDictionarySaver: 131072 bytes
[0835.27] Log: m_ObjectDictionary: 395520 bytes for 8329 items
[0835.27] Log: m_SavedObjects: 288960 bytes for 6552 items
[1096.30] Log: FLevelSaver: 393216 bytes
[1096.30] Log: m_ObjectDictionarySaver: 131072 bytes
[1096.30] Log: m_ObjectDictionary: 395520 bytes for 8262 items
[1096.30] Log: m_SavedObjects: 288960 bytes for 6529 items
[1149.34] Log: FLevelSaver: 393216 bytes
[1149.34] Log: m_ObjectDictionarySaver: 131072 bytes
[1149.34] Log: m_ObjectDictionary: 395520 bytes for 8251 items
[1149.34] Log: m_SavedObjects: 288960 bytes for 6521 items
[1349.73] Log: FLevelSaver: 393216 bytes
[1349.73] Log: m_ObjectDictionarySaver: 131072 bytes
[1349.73] Log: m_ObjectDictionary: 395520 bytes for 9027 items
[1349.73] Log: m_SavedObjects: 288960 bytes for 7268 items
[1389.74] Log: FLevelSaver: 393216 bytes
[1389.74] Log: m_ObjectDictionarySaver: 131072 bytes
[1389.74] Log: m_ObjectDictionary: 395520 bytes for 9025 items
[1389.74] Log: m_SavedObjects: 288960 bytes for 7266 items
[1544.16] Log: FLevelSaver: 393216 bytes
[1544.16] Log: m_ObjectDictionarySaver: 131072 bytes
[1544.16] Log: m_ObjectDictionary: 395520 bytes for 9319 items
[1544.16] Log: m_SavedObjects: 288960 bytes for 7537 items
[1551.43] Log: FLevelSaver: 393216 bytes
[1551.43] Log: m_ObjectDictionarySaver: 131072 bytes
[1551.43] Log: m_ObjectDictionary: 395520 bytes for 9318 items
[1551.43] Log: m_SavedObjects: 288960 bytes for 7536 items
[1735.87] Log: FLevelSaver: 393216 bytes
[1735.87] Log: m_ObjectDictionarySaver: 131072 bytes
[1735.87] Log: m_ObjectDictionary: 395520 bytes for 9066 items
[1735.87] Log: m_SavedObjects: 288960 bytes for 7296 items
[1926.82] Log: FLevelSaver: 393216 bytes
[1926.82] Log: m_ObjectDictionarySaver: 131072 bytes
[1926.82] Log: m_ObjectDictionary: 395520 bytes for 8557 items
[1926.82] Log: m_SavedObjects: 288960 bytes for 6800 items
[1982.66] Log: FLevelSaver: 393216 bytes
[1982.66] Log: m_ObjectDictionarySaver: 131072 bytes
[1982.66] Log: m_ObjectDictionary: 379136 bytes for 4566 items
[1982.66] Log: m_SavedObjects: 280768 bytes for 3529 items
[2065.51] Log: FLevelSaver: 393216 bytes
[2065.51] Log: m_ObjectDictionarySaver: 131072 bytes
[2065.51] Log: m_ObjectDictionary: 379136 bytes for 5410 items
[2065.51] Log: m_SavedObjects: 280768 bytes for 4065 items
[2161.47] Log: FLevelSaver: 393216 bytes
[2161.47] Log: m_ObjectDictionarySaver: 131072 bytes
[2161.47] Log: m_ObjectDictionary: 379136 bytes for 5393 items
[2161.47] Log: m_SavedObjects: 280768 bytes for 4056 items
[2261.54] Log: FLevelSaver: 393216 bytes
[2261.54] Log: m_ObjectDictionarySaver: 131072 bytes
[2261.54] Log: m_ObjectDictionary: 379136 bytes for 5422 items
[2261.54] Log: m_SavedObjects: 280768 bytes for 4064 items
[2334.50] Log: FLevelSaver: 393216 bytes
[2334.50] Log: m_ObjectDictionarySaver: 131072 bytes
[2334.50] Log: m_ObjectDictionary: 379136 bytes for 5406 items
[2334.50] Log: m_SavedObjects: 280768 bytes for 4049 items
[2555.14] Log: FLevelSaver: 393216 bytes
[2555.14] Log: m_ObjectDictionarySaver: 131072 bytes
[2555.14] Log: m_ObjectDictionary: 379136 bytes for 6441 items
[2555.14] Log: m_SavedObjects: 288960 bytes for 5027 items
[2598.61] Log: FLevelSaver: 393216 bytes
[2598.61] Log: m_ObjectDictionarySaver: 131072 bytes
[2598.61] Log: m_ObjectDictionary: 379136 bytes for 6441 items
[2598.61] Log: m_SavedObjects: 288960 bytes for 5022 items
[2701.26] Log: FLevelSaver: 393216 bytes
[2701.26] Log: m_ObjectDictionarySaver: 131072 bytes
[2701.26] Log: m_ObjectDictionary: 379136 bytes for 6439 items
[2701.26] Log: m_SavedObjects: 288960 bytes for 5017 items
[3376.16] Log: FLevelSaver: 393216 bytes
[3376.16] Log: m_ObjectDictionarySaver: 131072 bytes
[3376.16] Log: m_ObjectDictionary: 379136 bytes for 6435 items
[3376.16] Log: m_SavedObjects: 288960 bytes for 5013 items
[3537.64] Log: FLevelSaver: 393216 bytes
[3537.64] Log: m_ObjectDictionarySaver: 131072 bytes
[3537.64] Log: m_ObjectDictionary: 379136 bytes for 6414 items
[3537.64] Log: m_SavedObjects: 288960 bytes for 4996 items
[3636.72] Log: FLevelSaver: 393216 bytes
[3636.72] Log: m_ObjectDictionarySaver: 131072 bytes
[3636.72] Log: m_ObjectDictionary: 395520 bytes for 8307 items
[3636.72] Log: m_SavedObjects: 288960 bytes for 6540 items
[3643.46] Log: Closing by request
[3644.03] Log: Log file closed, 05/16/16 22:44:42
