[0280.65] Log: Log file open, 05/30/16 15:13:03
[0280.65] Log: FLevelSaver: 393216 bytes
[0280.65] Log: m_ObjectDictionarySaver: 131072 bytes
[0280.65] Log: m_ObjectDictionary: 379136 bytes for 5935 items
[0280.65] Log: m_SavedObjects: 288960 bytes for 4521 items
[1311.24] Log: FLevelSaver: 393216 bytes
[1311.24] Log: m_ObjectDictionarySaver: 131072 bytes
[1311.24] Log: m_ObjectDictionary: 379136 bytes for 5915 items
[1311.24] Log: m_SavedObjects: 288960 bytes for 4505 items
[1512.23] Log: FLevelSaver: 393216 bytes
[1512.23] Log: m_ObjectDictionarySaver: 131072 bytes
[1512.23] Log: m_ObjectDictionary: 379136 bytes for 6117 items
[1512.23] Log: m_SavedObjects: 288960 bytes for 4678 items
[1592.12] Log: FLevelSaver: 393216 bytes
[1592.12] Log: m_ObjectDictionarySaver: 131072 bytes
[1592.12] Log: m_ObjectDictionary: 379136 bytes for 6120 items
[1592.12] Log: m_SavedObjects: 288960 bytes for 4677 items
[1774.66] Log: FLevelSaver: 393216 bytes
[1774.66] Log: m_ObjectDictionarySaver: 131072 bytes
[1774.66] Log: m_ObjectDictionary: 379136 bytes for 6124 items
[1774.66] Log: m_SavedObjects: 288960 bytes for 4677 items
[1926.48] Log: FLevelSaver: 393216 bytes
[1926.48] Log: m_ObjectDictionarySaver: 131072 bytes
[1926.48] Log: m_ObjectDictionary: 379136 bytes for 7273 items
[1926.48] Log: m_SavedObjects: 288960 bytes for 5594 items
[1944.50] Log: FLevelSaver: 393216 bytes
[1944.50] Log: m_ObjectDictionarySaver: 131072 bytes
[1944.50] Log: m_ObjectDictionary: 395520 bytes for 13222 items
[1944.50] Log: m_SavedObjects: 305344 bytes for 10907 items
[1994.62] Log: FLevelSaver: 393216 bytes
[1994.62] Log: m_ObjectDictionarySaver: 131072 bytes
[1994.62] Log: m_ObjectDictionary: 395520 bytes for 13237 items
[1994.62] Log: m_SavedObjects: 305344 bytes for 10921 items
[2090.72] Log: FLevelSaver: 393216 bytes
[2090.72] Log: m_ObjectDictionarySaver: 131072 bytes
[2090.72] Log: m_ObjectDictionary: 395520 bytes for 13237 items
[2090.72] Log: m_SavedObjects: 305344 bytes for 10915 items
[2136.93] Log: FLevelSaver: 393216 bytes
[2136.93] Log: m_ObjectDictionarySaver: 131072 bytes
[2136.93] Log: m_ObjectDictionary: 395520 bytes for 13501 items
[2136.93] Log: m_SavedObjects: 305344 bytes for 11164 items
[2215.91] Log: FLevelSaver: 393216 bytes
[2215.91] Log: m_ObjectDictionarySaver: 131072 bytes
[2215.91] Log: m_ObjectDictionary: 395520 bytes for 13506 items
[2215.91] Log: m_SavedObjects: 305344 bytes for 11167 items
[2448.05] Log: FLevelSaver: 393216 bytes
[2448.05] Log: m_ObjectDictionarySaver: 131072 bytes
[2448.05] Log: m_ObjectDictionary: 395520 bytes for 14077 items
[2448.05] Log: m_SavedObjects: 305344 bytes for 11735 items
[2486.11] Log: FLevelSaver: 393216 bytes
[2486.11] Log: m_ObjectDictionarySaver: 131072 bytes
[2486.11] Log: m_ObjectDictionary: 395520 bytes for 14089 items
[2486.11] Log: m_SavedObjects: 305344 bytes for 11740 items
[3220.27] Log: FLevelSaver: 393216 bytes
[3220.27] Log: m_ObjectDictionarySaver: 131072 bytes
[3220.27] Log: m_ObjectDictionary: 395520 bytes for 13738 items
[3220.27] Log: m_SavedObjects: 305344 bytes for 11411 items
[3420.56] Log: FLevelSaver: 393216 bytes
[3420.56] Log: m_ObjectDictionarySaver: 131072 bytes
[3420.56] Log: m_ObjectDictionary: 395520 bytes for 13732 items
[3420.56] Log: m_SavedObjects: 305344 bytes for 11408 items
[3448.91] Log: FLevelSaver: 393216 bytes
[3448.91] Log: m_ObjectDictionarySaver: 131072 bytes
[3448.91] Log: m_ObjectDictionary: 395520 bytes for 13715 items
[3448.91] Log: m_SavedObjects: 305344 bytes for 11395 items
[3498.29] Log: FLevelSaver: 393216 bytes
[3498.29] Log: m_ObjectDictionarySaver: 131072 bytes
[3498.29] Log: m_ObjectDictionary: 395520 bytes for 13489 items
[3498.29] Log: m_SavedObjects: 305344 bytes for 11171 items
[3545.29] Log: FLevelSaver: 393216 bytes
[3545.29] Log: m_ObjectDictionarySaver: 131072 bytes
[3545.29] Log: m_ObjectDictionary: 395520 bytes for 13489 items
[3545.29] Log: m_SavedObjects: 305344 bytes for 11167 items
[3566.81] Log: FLevelSaver: 393216 bytes
[3566.81] Log: m_ObjectDictionarySaver: 131072 bytes
[3566.81] Log: m_ObjectDictionary: 395520 bytes for 13490 items
[3566.81] Log: m_SavedObjects: 305344 bytes for 11169 items
[3758.29] Log: FLevelSaver: 393216 bytes
[3758.29] Log: m_ObjectDictionarySaver: 131072 bytes
[3758.29] Log: m_ObjectDictionary: 395520 bytes for 13488 items
[3758.29] Log: m_SavedObjects: 305344 bytes for 11164 items
[3810.74] Log: FLevelSaver: 393216 bytes
[3810.74] Log: m_ObjectDictionarySaver: 131072 bytes
[3810.74] Log: m_ObjectDictionary: 379136 bytes for 4165 items
[3810.74] Log: m_SavedObjects: 280768 bytes for 3151 items
[3891.90] Log: FLevelSaver: 393216 bytes
[3891.90] Log: m_ObjectDictionarySaver: 131072 bytes
[3891.90] Log: m_ObjectDictionary: 379136 bytes for 7406 items
[3891.90] Log: m_SavedObjects: 288960 bytes for 6081 items
[3918.68] Log: FLevelSaver: 393216 bytes
[3918.68] Log: m_ObjectDictionarySaver: 131072 bytes
[3918.68] Log: m_ObjectDictionary: 379136 bytes for 7413 items
[3918.68] Log: m_SavedObjects: 288960 bytes for 6090 items
[4204.23] Log: FLevelSaver: 393216 bytes
[4204.23] Log: m_ObjectDictionarySaver: 131072 bytes
[4204.23] Log: m_ObjectDictionary: 379136 bytes for 7404 items
[4204.23] Log: m_SavedObjects: 288960 bytes for 6070 items
[4379.86] Log: FLevelSaver: 393216 bytes
[4379.86] Log: m_ObjectDictionarySaver: 131072 bytes
[4379.86] Log: m_ObjectDictionary: 379136 bytes for 7167 items
[4379.86] Log: m_SavedObjects: 288960 bytes for 5837 items
[4444.01] Log: FLevelSaver: 393216 bytes
[4444.01] Log: m_ObjectDictionarySaver: 131072 bytes
[4444.01] Log: m_ObjectDictionary: 379136 bytes for 7161 items
[4444.01] Log: m_SavedObjects: 288960 bytes for 5826 items
[4544.04] Log: FLevelSaver: 393216 bytes
[4544.04] Log: m_ObjectDictionarySaver: 131072 bytes
[4544.04] Log: m_ObjectDictionary: 379136 bytes for 7166 items
[4544.04] Log: m_SavedObjects: 288960 bytes for 5827 items
[4623.90] Log: FLevelSaver: 393216 bytes
[4623.90] Log: m_ObjectDictionarySaver: 131072 bytes
[4623.90] Log: m_ObjectDictionary: 379136 bytes for 7162 items
[4623.90] Log: m_SavedObjects: 288960 bytes for 5821 items
[4682.88] Log: FLevelSaver: 393216 bytes
[4682.88] Log: m_ObjectDictionarySaver: 131072 bytes
[4682.88] Log: m_ObjectDictionary: 379136 bytes for 6925 items
[4682.88] Log: m_SavedObjects: 288960 bytes for 5585 items
[4749.61] Log: FLevelSaver: 393216 bytes
[4749.61] Log: m_ObjectDictionarySaver: 131072 bytes
[4749.61] Log: m_ObjectDictionary: 379136 bytes for 6468 items
[4749.61] Log: m_SavedObjects: 288960 bytes for 5139 items
[4957.41] Log: FLevelSaver: 393216 bytes
[4957.41] Log: m_ObjectDictionarySaver: 131072 bytes
[4957.41] Log: m_ObjectDictionary: 395520 bytes for 13466 items
[4957.41] Log: m_SavedObjects: 305344 bytes for 11140 items
[5000.21] Log: FLevelSaver: 393216 bytes
[5000.21] Log: m_ObjectDictionarySaver: 131072 bytes
[5000.21] Log: m_ObjectDictionary: 395520 bytes for 13510 items
[5000.21] Log: m_SavedObjects: 305344 bytes for 11175 items
[5232.36] Log: FLevelSaver: 393216 bytes
[5232.36] Log: m_ObjectDictionarySaver: 131072 bytes
[5232.36] Log: m_ObjectDictionary: 395520 bytes for 13518 items
[5232.36] Log: m_SavedObjects: 305344 bytes for 11180 items
[5401.18] Log: FLevelSaver: 393216 bytes
[5401.18] Log: m_ObjectDictionarySaver: 131072 bytes
[5401.18] Log: m_ObjectDictionary: 395520 bytes for 13508 items
[5401.18] Log: m_SavedObjects: 305344 bytes for 11167 items
[5407.94] Log: FLevelSaver: 393216 bytes
[5407.94] Log: m_ObjectDictionarySaver: 131072 bytes
[5407.94] Log: m_ObjectDictionary: 379136 bytes for 4179 items
[5407.94] Log: m_SavedObjects: 280768 bytes for 3209 items
[5576.10] Log: FLevelSaver: 393216 bytes
[5576.10] Log: m_ObjectDictionarySaver: 131072 bytes
[5576.10] Log: m_ObjectDictionary: 379136 bytes for 5635 items
[5576.10] Log: m_SavedObjects: 288960 bytes for 4353 items
[5710.89] Log: FLevelSaver: 393216 bytes
[5710.89] Log: m_ObjectDictionarySaver: 131072 bytes
[5710.89] Log: m_ObjectDictionary: 379136 bytes for 5628 items
[5710.89] Log: m_SavedObjects: 288960 bytes for 4343 items
[6001.84] Log: FLevelSaver: 393216 bytes
[6001.84] Log: m_ObjectDictionarySaver: 131072 bytes
[6001.84] Log: m_ObjectDictionary: 395520 bytes for 13489 items
[6001.84] Log: m_SavedObjects: 305344 bytes for 11147 items
[6034.98] Log: FLevelSaver: 393216 bytes
[6034.98] Log: m_ObjectDictionarySaver: 131072 bytes
[6034.98] Log: m_ObjectDictionary: 379136 bytes for 5513 items
[6034.98] Log: m_SavedObjects: 288960 bytes for 4229 items
[6060.11] Log: FLevelSaver: 393216 bytes
[6060.11] Log: m_ObjectDictionarySaver: 131072 bytes
[6060.11] Log: m_ObjectDictionary: 379136 bytes for 5514 items
[6060.11] Log: m_SavedObjects: 288960 bytes for 4230 items
[6078.35] Log: FLevelSaver: 393216 bytes
[6078.35] Log: m_ObjectDictionarySaver: 131072 bytes
[6078.35] Log: m_ObjectDictionary: 379136 bytes for 5518 items
[6078.35] Log: m_SavedObjects: 288960 bytes for 4231 items
[6277.30] Log: FLevelSaver: 393216 bytes
[6277.30] Log: m_ObjectDictionarySaver: 131072 bytes
[6277.30] Log: m_ObjectDictionary: 379136 bytes for 5514 items
[6277.30] Log: m_SavedObjects: 288960 bytes for 4230 items
[6283.01] Log: Closing by request
[6283.58] Log: Log file closed, 05/30/16 16:53:06
