[0088.90] Log: Log file open, 05/30/16 05:26:13
[0088.90] Log: FLevelSaver: 393216 bytes
[0088.90] Log: m_ObjectDictionarySaver: 131072 bytes
[0088.90] Log: m_ObjectDictionary: 379136 bytes for 8019 items
[0088.90] Log: m_SavedObjects: 288960 bytes for 6309 items
[0441.81] Log: FLevelSaver: 393216 bytes
[0441.81] Log: m_ObjectDictionarySaver: 131072 bytes
[0441.81] Log: m_ObjectDictionary: 395520 bytes for 8260 items
[0441.81] Log: m_SavedObjects: 288960 bytes for 6528 items
[0685.16] Log: FLevelSaver: 393216 bytes
[0685.16] Log: m_ObjectDictionarySaver: 131072 bytes
[0685.16] Log: m_ObjectDictionary: 395520 bytes for 9023 items
[0685.16] Log: m_SavedObjects: 288960 bytes for 7266 items
[0744.31] Log: FLevelSaver: 393216 bytes
[0744.31] Log: m_ObjectDictionarySaver: 131072 bytes
[0744.31] Log: m_ObjectDictionary: 395520 bytes for 9027 items
[0744.31] Log: m_SavedObjects: 288960 bytes for 7265 items
[0801.41] Log: FLevelSaver: 393216 bytes
[0801.41] Log: m_ObjectDictionarySaver: 131072 bytes
[0801.41] Log: m_ObjectDictionary: 395520 bytes for 9027 items
[0801.41] Log: m_SavedObjects: 288960 bytes for 7272 items
[0923.87] Log: FLevelSaver: 393216 bytes
[0923.87] Log: m_ObjectDictionarySaver: 131072 bytes
[0923.87] Log: m_ObjectDictionary: 395520 bytes for 9330 items
[0923.87] Log: m_SavedObjects: 288960 bytes for 7541 items
[1001.85] Log: FLevelSaver: 393216 bytes
[1001.85] Log: m_ObjectDictionarySaver: 131072 bytes
[1001.85] Log: m_ObjectDictionary: 395520 bytes for 8799 items
[1001.85] Log: m_SavedObjects: 288960 bytes for 7029 items
[1006.76] Log: FLevelSaver: 393216 bytes
[1006.76] Log: m_ObjectDictionarySaver: 131072 bytes
[1006.76] Log: m_ObjectDictionary: 395520 bytes for 9331 items
[1006.76] Log: m_SavedObjects: 288960 bytes for 7546 items
[1188.67] Log: FLevelSaver: 393216 bytes
[1188.67] Log: m_ObjectDictionarySaver: 131072 bytes
[1188.67] Log: m_ObjectDictionary: 395520 bytes for 9093 items
[1188.67] Log: m_SavedObjects: 288960 bytes for 7305 items
[1271.99] Log: FLevelSaver: 393216 bytes
[1271.99] Log: m_ObjectDictionarySaver: 131072 bytes
[1271.99] Log: m_ObjectDictionary: 395520 bytes for 8570 items
[1271.99] Log: m_SavedObjects: 288960 bytes for 6807 items
[1565.85] Log: FLevelSaver: 393216 bytes
[1565.85] Log: m_ObjectDictionarySaver: 131072 bytes
[1565.85] Log: m_ObjectDictionary: 379136 bytes for 4566 items
[1565.85] Log: m_SavedObjects: 280768 bytes for 3529 items
[1622.91] Log: FLevelSaver: 393216 bytes
[1622.91] Log: m_ObjectDictionarySaver: 131072 bytes
[1622.91] Log: m_ObjectDictionary: 379136 bytes for 5887 items
[1622.91] Log: m_SavedObjects: 288960 bytes for 4513 items
[1674.25] Log: FLevelSaver: 393216 bytes
[1674.25] Log: m_ObjectDictionarySaver: 131072 bytes
[1674.25] Log: m_ObjectDictionary: 379136 bytes for 5396 items
[1674.25] Log: m_SavedObjects: 280768 bytes for 4060 items
[1810.15] Log: FLevelSaver: 393216 bytes
[1810.15] Log: m_ObjectDictionarySaver: 131072 bytes
[1810.15] Log: m_ObjectDictionary: 379136 bytes for 5424 items
[1810.15] Log: m_SavedObjects: 280768 bytes for 4067 items
[2031.44] Log: FLevelSaver: 393216 bytes
[2031.44] Log: m_ObjectDictionarySaver: 131072 bytes
[2031.44] Log: m_ObjectDictionary: 379136 bytes for 6437 items
[2031.44] Log: m_SavedObjects: 288960 bytes for 5028 items
[2067.93] Log: FLevelSaver: 393216 bytes
[2067.93] Log: m_ObjectDictionarySaver: 131072 bytes
[2067.93] Log: m_ObjectDictionary: 379136 bytes for 6440 items
[2067.93] Log: m_SavedObjects: 288960 bytes for 5024 items
[2160.88] Log: FLevelSaver: 393216 bytes
[2160.88] Log: m_ObjectDictionarySaver: 131072 bytes
[2160.88] Log: m_ObjectDictionary: 379136 bytes for 6435 items
[2160.88] Log: m_SavedObjects: 288960 bytes for 5018 items
[2242.24] Log: FLevelSaver: 393216 bytes
[2242.24] Log: m_ObjectDictionarySaver: 131072 bytes
[2242.24] Log: m_ObjectDictionary: 379136 bytes for 6433 items
[2242.24] Log: m_SavedObjects: 288960 bytes for 5014 items
[2452.17] Log: FLevelSaver: 393216 bytes
[2452.17] Log: m_ObjectDictionarySaver: 131072 bytes
[2452.17] Log: m_ObjectDictionary: 379136 bytes for 6409 items
[2452.17] Log: m_SavedObjects: 288960 bytes for 4998 items
[2583.58] Log: FLevelSaver: 393216 bytes
[2583.58] Log: m_ObjectDictionarySaver: 131072 bytes
[2583.58] Log: m_ObjectDictionary: 379136 bytes for 6878 items
[2583.58] Log: m_SavedObjects: 288960 bytes for 5331 items
[3907.34] Log: FLevelSaver: 393216 bytes
[3907.34] Log: m_ObjectDictionarySaver: 131072 bytes
[3907.34] Log: m_ObjectDictionary: 379136 bytes for 6906 items
[3907.34] Log: m_SavedObjects: 288960 bytes for 5348 items
[4418.69] Log: FLevelSaver: 393216 bytes
[4418.69] Log: m_ObjectDictionarySaver: 131072 bytes
[4418.69] Log: m_ObjectDictionary: 379136 bytes for 6895 items
[4418.69] Log: m_SavedObjects: 288960 bytes for 5324 items
[4721.97] Log: FLevelSaver: 393216 bytes
[4721.97] Log: m_ObjectDictionarySaver: 131072 bytes
[4721.97] Log: m_ObjectDictionary: 370944 bytes for 3324 items
[4721.97] Log: m_SavedObjects: 280768 bytes for 2426 items
[4792.88] Log: FLevelSaver: 393216 bytes
[4792.88] Log: m_ObjectDictionarySaver: 131072 bytes
[4792.88] Log: m_ObjectDictionary: 370944 bytes for 3342 items
[4792.88] Log: m_SavedObjects: 280768 bytes for 2440 items
[5139.76] Log: FLevelSaver: 393216 bytes
[5139.76] Log: m_ObjectDictionarySaver: 131072 bytes
[5139.76] Log: m_ObjectDictionary: 379136 bytes for 5935 items
[5139.76] Log: m_SavedObjects: 288960 bytes for 4521 items
[5274.15] Log: FLevelSaver: 393216 bytes
[5274.15] Log: m_ObjectDictionarySaver: 131072 bytes
[5274.15] Log: m_ObjectDictionary: 370944 bytes for 3343 items
[5274.15] Log: m_SavedObjects: 280768 bytes for 2441 items
[5279.86] Log: Closing by request
[5280.41] Log: Log file closed, 05/30/16 06:52:44
