[0047.48] Log: Log file open, 05/31/16 00:03:29
[0047.48] Log: FLevelSaver: 393216 bytes
[0047.48] Log: m_ObjectDictionarySaver: 131072 bytes
[0047.48] Log: m_ObjectDictionary: 379136 bytes for 5514 items
[0047.48] Log: m_SavedObjects: 288960 bytes for 4230 items
[0096.77] Log: FLevelSaver: 393216 bytes
[0096.77] Log: m_ObjectDictionarySaver: 131072 bytes
[0096.77] Log: m_ObjectDictionary: 395520 bytes for 13497 items
[0096.77] Log: m_SavedObjects: 305344 bytes for 11158 items
[0127.47] Log: FLevelSaver: 393216 bytes
[0127.47] Log: m_ObjectDictionarySaver: 131072 bytes
[0127.47] Log: m_ObjectDictionary: 395520 bytes for 13543 items
[0127.47] Log: m_SavedObjects: 305344 bytes for 11195 items
[0136.36] Log: FLevelSaver: 393216 bytes
[0136.36] Log: m_ObjectDictionarySaver: 131072 bytes
[0136.36] Log: m_ObjectDictionary: 395520 bytes for 13565 items
[0136.36] Log: m_SavedObjects: 305344 bytes for 11208 items
[0661.93] Log: FLevelSaver: 393216 bytes
[0661.93] Log: m_ObjectDictionarySaver: 131072 bytes
[0661.93] Log: m_ObjectDictionary: 395520 bytes for 13561 items
[0661.93] Log: m_SavedObjects: 305344 bytes for 11204 items
[0749.59] Log: FLevelSaver: 393216 bytes
[0749.59] Log: m_ObjectDictionarySaver: 131072 bytes
[0749.59] Log: m_ObjectDictionary: 395520 bytes for 12361 items
[0749.59] Log: m_SavedObjects: 305344 bytes for 10047 items
[0768.69] Log: FLevelSaver: 393216 bytes
[0768.69] Log: m_ObjectDictionarySaver: 131072 bytes
[0768.69] Log: m_ObjectDictionary: 395520 bytes for 12362 items
[0768.69] Log: m_SavedObjects: 305344 bytes for 10049 items
[0885.33] Log: FLevelSaver: 393216 bytes
[0885.33] Log: m_ObjectDictionarySaver: 131072 bytes
[0885.33] Log: m_ObjectDictionary: 395520 bytes for 12135 items
[0885.33] Log: m_SavedObjects: 305344 bytes for 9823 items
[1171.48] Log: FLevelSaver: 393216 bytes
[1171.48] Log: m_ObjectDictionarySaver: 131072 bytes
[1171.48] Log: m_ObjectDictionary: 395520 bytes for 9244 items
[1171.48] Log: m_SavedObjects: 288960 bytes for 7630 items
[1381.87] Log: FLevelSaver: 393216 bytes
[1381.87] Log: m_ObjectDictionarySaver: 131072 bytes
[1381.87] Log: m_ObjectDictionary: 395520 bytes for 15688 items
[1381.87] Log: m_SavedObjects: 305344 bytes for 13528 items
[1484.89] Log: FLevelSaver: 393216 bytes
[1484.89] Log: m_ObjectDictionarySaver: 131072 bytes
[1484.89] Log: m_ObjectDictionary: 395520 bytes for 15516 items
[1484.89] Log: m_SavedObjects: 305344 bytes for 13382 items
[1766.62] Log: FLevelSaver: 393216 bytes
[1766.62] Log: m_ObjectDictionarySaver: 131072 bytes
[1766.62] Log: m_ObjectDictionary: 395520 bytes for 15512 items
[1766.62] Log: m_SavedObjects: 305344 bytes for 13370 items
[1785.47] Log: FLevelSaver: 393216 bytes
[1785.47] Log: m_ObjectDictionarySaver: 131072 bytes
[1785.47] Log: m_ObjectDictionary: 395520 bytes for 15508 items
[1785.47] Log: m_SavedObjects: 305344 bytes for 13367 items
[2163.50] Log: FLevelSaver: 393216 bytes
[2163.50] Log: m_ObjectDictionarySaver: 131072 bytes
[2163.50] Log: m_ObjectDictionary: 395520 bytes for 15533 items
[2163.50] Log: m_SavedObjects: 305344 bytes for 13382 items
[2324.46] Log: FLevelSaver: 393216 bytes
[2324.46] Log: m_ObjectDictionarySaver: 131072 bytes
[2324.46] Log: m_ObjectDictionary: 395520 bytes for 14810 items
[2324.46] Log: m_SavedObjects: 305344 bytes for 12669 items
[2465.40] Log: FLevelSaver: 393216 bytes
[2465.40] Log: m_ObjectDictionarySaver: 131072 bytes
[2465.40] Log: m_ObjectDictionary: 395520 bytes for 14804 items
[2465.40] Log: m_SavedObjects: 305344 bytes for 12664 items
[2779.77] Log: FLevelSaver: 393216 bytes
[2779.77] Log: m_ObjectDictionarySaver: 131072 bytes
[2779.77] Log: m_ObjectDictionary: 395520 bytes for 14786 items
[2779.77] Log: m_SavedObjects: 305344 bytes for 12649 items
[2859.38] Log: FLevelSaver: 393216 bytes
[2859.38] Log: m_ObjectDictionarySaver: 131072 bytes
[2859.38] Log: m_ObjectDictionary: 370944 bytes for 3591 items
[2859.38] Log: m_SavedObjects: 280768 bytes for 2650 items
[2984.84] Log: FLevelSaver: 393216 bytes
[2984.84] Log: m_ObjectDictionarySaver: 131072 bytes
[2984.84] Log: m_ObjectDictionary: 379136 bytes for 5365 items
[2984.84] Log: m_SavedObjects: 280768 bytes for 4078 items
[3185.99] Log: Closing by request
[3186.48] Log: Log file closed, 05/31/16 00:55:48
